<?xml version="1.0" encoding="UTF-8"?>
<testsuite name="com.han.springboot.domain.posts.PostsRepositoryTest" tests="2" skipped="0" failures="0" errors="0" timestamp="2021-02-17T16:18:59" hostname="DESKTOP-CMGDKC8" time="0.396">
  <properties/>
  <testcase name="insertBaseTimeEntity" classname="com.han.springboot.domain.posts.PostsRepositoryTest" time="0.374"/>
  <testcase name="saveAndGetPosts" classname="com.han.springboot.domain.posts.PostsRepositoryTest" time="0.021"/>
  <system-out><![CDATA[01:18:49.389 [Test worker] DEBUG org.springframework.test.context.junit4.SpringJUnit4ClassRunner - SpringJUnit4ClassRunner constructor called with [class com.han.springboot.domain.posts.PostsRepositoryTest]
01:18:49.400 [Test worker] DEBUG org.springframework.test.context.BootstrapUtils - Instantiating CacheAwareContextLoaderDelegate from class [org.springframework.test.context.cache.DefaultCacheAwareContextLoaderDelegate]
01:18:49.414 [Test worker] DEBUG org.springframework.test.context.BootstrapUtils - Instantiating BootstrapContext using constructor [public org.springframework.test.context.support.DefaultBootstrapContext(java.lang.Class,org.springframework.test.context.CacheAwareContextLoaderDelegate)]
01:18:49.444 [Test worker] DEBUG org.springframework.test.context.BootstrapUtils - Instantiating TestContextBootstrapper for test class [com.han.springboot.domain.posts.PostsRepositoryTest] from class [org.springframework.boot.test.context.SpringBootTestContextBootstrapper]
01:18:49.460 [Test worker] INFO org.springframework.boot.test.context.SpringBootTestContextBootstrapper - Neither @ContextConfiguration nor @ContextHierarchy found for test class [com.han.springboot.domain.posts.PostsRepositoryTest], using SpringBootContextLoader
01:18:49.464 [Test worker] DEBUG org.springframework.test.context.support.AbstractContextLoader - Did not detect default resource location for test class [com.han.springboot.domain.posts.PostsRepositoryTest]: class path resource [com/han/springboot/domain/posts/PostsRepositoryTest-context.xml] does not exist
01:18:49.465 [Test worker] DEBUG org.springframework.test.context.support.AbstractContextLoader - Did not detect default resource location for test class [com.han.springboot.domain.posts.PostsRepositoryTest]: class path resource [com/han/springboot/domain/posts/PostsRepositoryTestContext.groovy] does not exist
01:18:49.465 [Test worker] INFO org.springframework.test.context.support.AbstractContextLoader - Could not detect default resource locations for test class [com.han.springboot.domain.posts.PostsRepositoryTest]: no resource found for suffixes {-context.xml, Context.groovy}.
01:18:49.467 [Test worker] INFO org.springframework.test.context.support.AnnotationConfigContextLoaderUtils - Could not detect default configuration classes for test class [com.han.springboot.domain.posts.PostsRepositoryTest]: PostsRepositoryTest does not declare any static, non-private, non-final, nested classes annotated with @Configuration.
01:18:49.550 [Test worker] DEBUG org.springframework.test.context.support.ActiveProfilesUtils - Could not find an 'annotation declaring class' for annotation type [org.springframework.test.context.ActiveProfiles] and class [com.han.springboot.domain.posts.PostsRepositoryTest]
01:18:49.661 [Test worker] DEBUG org.springframework.context.annotation.ClassPathScanningCandidateComponentProvider - Identified candidate component class: file [D:\learn\aws_spring\part2\build\classes\java\main\com\han\springboot\Application.class]
01:18:49.664 [Test worker] INFO org.springframework.boot.test.context.SpringBootTestContextBootstrapper - Found @SpringBootConfiguration com.han.springboot.Application for test class com.han.springboot.domain.posts.PostsRepositoryTest
01:18:49.781 [Test worker] DEBUG org.springframework.boot.test.context.SpringBootTestContextBootstrapper - @TestExecutionListeners is not present for class [com.han.springboot.domain.posts.PostsRepositoryTest]: using defaults.
01:18:49.782 [Test worker] INFO org.springframework.boot.test.context.SpringBootTestContextBootstrapper - Loaded default TestExecutionListener class names from location [META-INF/spring.factories]: [org.springframework.security.test.context.support.WithSecurityContextTestExecutionListener, org.springframework.security.test.context.support.ReactorContextTestExecutionListener, org.springframework.boot.test.autoconfigure.restdocs.RestDocsTestExecutionListener, org.springframework.boot.test.autoconfigure.web.client.MockRestServiceServerResetTestExecutionListener, org.springframework.boot.test.autoconfigure.web.servlet.MockMvcPrintOnlyOnFailureTestExecutionListener, org.springframework.boot.test.autoconfigure.web.servlet.WebDriverTestExecutionListener, org.springframework.boot.test.mock.mockito.MockitoTestExecutionListener, org.springframework.boot.test.mock.mockito.ResetMocksTestExecutionListener, org.springframework.test.context.web.ServletTestExecutionListener, org.springframework.test.context.support.DirtiesContextBeforeModesTestExecutionListener, org.springframework.test.context.support.DependencyInjectionTestExecutionListener, org.springframework.test.context.support.DirtiesContextTestExecutionListener, org.springframework.test.context.transaction.TransactionalTestExecutionListener, org.springframework.test.context.jdbc.SqlScriptsTestExecutionListener]
01:18:49.810 [Test worker] INFO org.springframework.boot.test.context.SpringBootTestContextBootstrapper - Using TestExecutionListeners: [org.springframework.test.context.web.ServletTestExecutionListener@7a5ceb33, org.springframework.test.context.support.DirtiesContextBeforeModesTestExecutionListener@16d2925a, org.springframework.boot.test.mock.mockito.MockitoTestExecutionListener@13cf7801, org.springframework.boot.test.autoconfigure.SpringBootDependencyInjectionTestExecutionListener@3ca763c3, org.springframework.test.context.support.DirtiesContextTestExecutionListener@21bf1217, org.springframework.test.context.transaction.TransactionalTestExecutionListener@23fd1438, org.springframework.test.context.jdbc.SqlScriptsTestExecutionListener@4b1a6f36, org.springframework.security.test.context.support.WithSecurityContextTestExecutionListener@4ca4b4ed, org.springframework.security.test.context.support.ReactorContextTestExecutionListener@155228c4, org.springframework.boot.test.autoconfigure.restdocs.RestDocsTestExecutionListener@5ec5a282, org.springframework.boot.test.autoconfigure.web.client.MockRestServiceServerResetTestExecutionListener@46be05b3, org.springframework.boot.test.autoconfigure.web.servlet.MockMvcPrintOnlyOnFailureTestExecutionListener@2f54c255, org.springframework.boot.test.autoconfigure.web.servlet.WebDriverTestExecutionListener@2bc4db73, org.springframework.boot.test.mock.mockito.ResetMocksTestExecutionListener@58e6ad3b]
01:18:49.815 [Test worker] DEBUG org.springframework.test.annotation.ProfileValueUtils - Retrieved @ProfileValueSourceConfiguration [null] for test class [com.han.springboot.domain.posts.PostsRepositoryTest]
01:18:49.815 [Test worker] DEBUG org.springframework.test.annotation.ProfileValueUtils - Retrieved ProfileValueSource type [class org.springframework.test.annotation.SystemProfileValueSource] for class [com.han.springboot.domain.posts.PostsRepositoryTest]
01:18:49.817 [Test worker] DEBUG org.springframework.test.annotation.ProfileValueUtils - Retrieved @ProfileValueSourceConfiguration [null] for test class [com.han.springboot.domain.posts.PostsRepositoryTest]
01:18:49.817 [Test worker] DEBUG org.springframework.test.annotation.ProfileValueUtils - Retrieved ProfileValueSource type [class org.springframework.test.annotation.SystemProfileValueSource] for class [com.han.springboot.domain.posts.PostsRepositoryTest]
01:18:49.824 [Test worker] DEBUG org.springframework.test.context.support.AbstractDirtiesContextTestExecutionListener - Before test class: context [DefaultTestContext@5103c113 testClass = PostsRepositoryTest, testInstance = [null], testMethod = [null], testException = [null], mergedContextConfiguration = [WebMergedContextConfiguration@39c19d3d testClass = PostsRepositoryTest, locations = '{}', classes = '{class com.han.springboot.Application}', contextInitializerClasses = '[]', activeProfiles = '{}', propertySourceLocations = '{}', propertySourceProperties = '{org.springframework.boot.test.context.SpringBootTestContextBootstrapper=true}', contextCustomizers = set[org.springframework.boot.test.autoconfigure.properties.PropertyMappingContextCustomizer@0, org.springframework.boot.test.autoconfigure.web.servlet.WebDriverContextCustomizerFactory$Customizer@78f2a5a5, org.springframework.boot.test.context.filter.ExcludeFilterContextCustomizer@66a542d5, org.springframework.boot.test.json.DuplicateJsonObjectContextCustomizerFactory$DuplicateJsonObjectContextCustomizer@60558f0f, org.springframework.boot.test.mock.mockito.MockitoContextCustomizer@0, org.springframework.boot.test.web.client.TestRestTemplateContextCustomizer@26c6b286], resourceBasePath = 'src/main/webapp', contextLoader = 'org.springframework.boot.test.context.SpringBootContextLoader', parent = [null]], attributes = map['org.springframework.test.context.web.ServletTestExecutionListener.activateListener' -> true]], class annotated with @DirtiesContext [false] with mode [null].
01:18:49.824 [Test worker] DEBUG org.springframework.test.annotation.ProfileValueUtils - Retrieved @ProfileValueSourceConfiguration [null] for test class [com.han.springboot.domain.posts.PostsRepositoryTest]
01:18:49.825 [Test worker] DEBUG org.springframework.test.annotation.ProfileValueUtils - Retrieved ProfileValueSource type [class org.springframework.test.annotation.SystemProfileValueSource] for class [com.han.springboot.domain.posts.PostsRepositoryTest]
01:18:49.848 [Test worker] DEBUG org.springframework.test.context.support.TestPropertySourceUtils - Adding inlined properties to environment: {spring.jmx.enabled=false, org.springframework.boot.test.context.SpringBootTestContextBootstrapper=true, server.port=-1}

  .   ____          _            __ _ _
 /\\ / ___'_ __ _ _(_)_ __  __ _ \ \ \ \
( ( )\___ | '_ | '_| | '_ \/ _` | \ \ \ \
 \\/  ___)| |_)| | | | | || (_| |  ) ) ) )
  '  |____| .__|_| |_|_| |_\__, | / / / /
 =========|_|==============|___/=/_/_/_/
 :: Spring Boot ::        (v2.1.9.RELEASE)

2021-02-18 01:18:50.315  INFO 5304 --- [    Test worker] c.h.s.domain.posts.PostsRepositoryTest   : Starting PostsRepositoryTest on DESKTOP-CMGDKC8 with PID 5304 (started by han in D:\learn\aws_spring\part2)
2021-02-18 01:18:50.316  INFO 5304 --- [    Test worker] c.h.s.domain.posts.PostsRepositoryTest   : The following profiles are active: oauth
2021-02-18 01:18:51.745  INFO 5304 --- [    Test worker] .s.d.r.c.RepositoryConfigurationDelegate : Bootstrapping Spring Data repositories in DEFAULT mode.
2021-02-18 01:18:51.827  INFO 5304 --- [    Test worker] .s.d.r.c.RepositoryConfigurationDelegate : Finished Spring Data repository scanning in 73ms. Found 2 repository interfaces.
2021-02-18 01:18:53.003  INFO 5304 --- [    Test worker] trationDelegate$BeanPostProcessorChecker : Bean 'org.springframework.transaction.annotation.ProxyTransactionManagementConfiguration' of type [org.springframework.transaction.annotation.ProxyTransactionManagementConfiguration$$EnhancerBySpringCGLIB$$1e4c5cbb] is not eligible for getting processed by all BeanPostProcessors (for example: not eligible for auto-proxying)
2021-02-18 01:18:53.534  INFO 5304 --- [    Test worker] com.zaxxer.hikari.HikariDataSource       : HikariPool-1 - Starting...
2021-02-18 01:18:53.808  INFO 5304 --- [    Test worker] com.zaxxer.hikari.HikariDataSource       : HikariPool-1 - Start completed.
2021-02-18 01:18:53.929  INFO 5304 --- [    Test worker] o.hibernate.jpa.internal.util.LogHelper  : HHH000204: Processing PersistenceUnitInfo [
	name: default
	...]
2021-02-18 01:18:54.024  INFO 5304 --- [    Test worker] org.hibernate.Version                    : HHH000412: Hibernate Core {5.3.12.Final}
2021-02-18 01:18:54.027  INFO 5304 --- [    Test worker] org.hibernate.cfg.Environment            : HHH000206: hibernate.properties not found
2021-02-18 01:18:54.224  INFO 5304 --- [    Test worker] o.hibernate.annotations.common.Version   : HCANN000001: Hibernate Commons Annotations {5.0.4.Final}
2021-02-18 01:18:54.453  INFO 5304 --- [    Test worker] org.hibernate.dialect.Dialect            : HHH000400: Using dialect: org.hibernate.dialect.MariaDB102Dialect
Hibernate: drop table if exists posts
Hibernate: drop table if exists user
Hibernate: create table posts (id bigint not null auto_increment, created_date datetime(6), modified_date datetime(6), author varchar(255), content TEXT not null, title varchar(500) not null, primary key (id)) engine=InnoDB
Hibernate: create table user (id bigint not null auto_increment, created_date datetime(6), modified_date datetime(6), email varchar(255) not null, name varchar(255) not null, picture varchar(255), role varchar(255) not null, primary key (id)) engine=InnoDB
2021-02-18 01:18:55.438  INFO 5304 --- [    Test worker] o.h.t.schema.internal.SchemaCreatorImpl  : HHH000476: Executing import script 'org.hibernate.tool.schema.internal.exec.ScriptSourceInputNonExistentImpl@1a985b64'
2021-02-18 01:18:55.442  INFO 5304 --- [    Test worker] j.LocalContainerEntityManagerFactoryBean : Initialized JPA EntityManagerFactory for persistence unit 'default'
2021-02-18 01:18:56.708  INFO 5304 --- [    Test worker] o.h.h.i.QueryTranslatorFactoryInitiator  : HHH000397: Using ASTQueryTranslatorFactory
2021-02-18 01:18:57.582  INFO 5304 --- [    Test worker] o.s.s.web.DefaultSecurityFilterChain     : Creating filter chain: any request, [org.springframework.security.web.context.request.async.WebAsyncManagerIntegrationFilter@67f72474, org.springframework.security.web.context.SecurityContextPersistenceFilter@5affb7a7, org.springframework.security.web.header.HeaderWriterFilter@1751544e, org.springframework.security.web.authentication.logout.LogoutFilter@759d6295, org.springframework.security.oauth2.client.web.OAuth2AuthorizationRequestRedirectFilter@3ca9cd3e, org.springframework.security.oauth2.client.web.OAuth2LoginAuthenticationFilter@7b71eaaa, org.springframework.security.web.authentication.ui.DefaultLoginPageGeneratingFilter@1d37e956, org.springframework.security.web.authentication.ui.DefaultLogoutPageGeneratingFilter@d3d78e8, org.springframework.security.web.savedrequest.RequestCacheAwareFilter@55cb4526, org.springframework.security.web.servletapi.SecurityContextHolderAwareRequestFilter@1539900a, org.springframework.security.web.authentication.AnonymousAuthenticationFilter@4196523a, org.springframework.security.web.session.SessionManagementFilter@1020c586, org.springframework.security.web.access.ExceptionTranslationFilter@20ddda4a, org.springframework.security.web.access.intercept.FilterSecurityInterceptor@3fdb0ccb]
2021-02-18 01:18:58.440  INFO 5304 --- [    Test worker] o.s.s.concurrent.ThreadPoolTaskExecutor  : Initializing ExecutorService 'applicationTaskExecutor'
2021-02-18 01:18:58.510  WARN 5304 --- [    Test worker] aWebConfiguration$JpaWebMvcConfiguration : spring.jpa.open-in-view is enabled by default. Therefore, database queries may be performed during view rendering. Explicitly configure spring.jpa.open-in-view to disable this warning
2021-02-18 01:18:58.593  INFO 5304 --- [    Test worker] o.s.b.a.w.s.WelcomePageHandlerMapping    : Adding welcome page template: index
2021-02-18 01:18:59.285  INFO 5304 --- [    Test worker] s.a.ScheduledAnnotationBeanPostProcessor : No TaskScheduler/ScheduledExecutorService bean found for scheduled processing
2021-02-18 01:18:59.298  INFO 5304 --- [    Test worker] c.h.s.domain.posts.PostsRepositoryTest   : Started PostsRepositoryTest in 9.433 seconds (JVM running for 10.871)
Hibernate: insert into posts (created_date, modified_date, author, content, title) values (?, ?, ?, ?, ?)
Hibernate: select posts0_.id as id1_0_, posts0_.created_date as created_2_0_, posts0_.modified_date as modified3_0_, posts0_.author as author4_0_, posts0_.content as content5_0_, posts0_.title as title6_0_ from posts posts0_
2021-02-18T01:18:59.525
2021-02-18T01:18:59.525
Hibernate: select posts0_.id as id1_0_, posts0_.created_date as created_2_0_, posts0_.modified_date as modified3_0_, posts0_.author as author4_0_, posts0_.content as content5_0_, posts0_.title as title6_0_ from posts posts0_
Hibernate: delete from posts where id=?
Hibernate: insert into posts (created_date, modified_date, author, content, title) values (?, ?, ?, ?, ?)
Hibernate: select posts0_.id as id1_0_, posts0_.created_date as created_2_0_, posts0_.modified_date as modified3_0_, posts0_.author as author4_0_, posts0_.content as content5_0_, posts0_.title as title6_0_ from posts posts0_
Hibernate: select posts0_.id as id1_0_, posts0_.created_date as created_2_0_, posts0_.modified_date as modified3_0_, posts0_.author as author4_0_, posts0_.content as content5_0_, posts0_.title as title6_0_ from posts posts0_
Hibernate: delete from posts where id=?
]]></system-out>
  <system-err><![CDATA[]]></system-err>
</testsuite>
