<?xml version="1.0" encoding="UTF-8"?>
<testsuite name="com.han.springboot.domain.posts.PostsRepositoryTest" tests="2" skipped="0" failures="0" errors="0" timestamp="2021-02-16T16:40:23" hostname="DESKTOP-CMGDKC8" time="0.288">
  <properties/>
  <testcase name="insertBaseTimeEntity" classname="com.han.springboot.domain.posts.PostsRepositoryTest" time="0.268"/>
  <testcase name="saveAndGetPosts" classname="com.han.springboot.domain.posts.PostsRepositoryTest" time="0.019"/>
  <system-out><![CDATA[01:40:18.142 [Test worker] DEBUG org.springframework.test.context.junit4.SpringJUnit4ClassRunner - SpringJUnit4ClassRunner constructor called with [class com.han.springboot.domain.posts.PostsRepositoryTest]
01:40:18.148 [Test worker] DEBUG org.springframework.test.context.BootstrapUtils - Instantiating CacheAwareContextLoaderDelegate from class [org.springframework.test.context.cache.DefaultCacheAwareContextLoaderDelegate]
01:40:18.154 [Test worker] DEBUG org.springframework.test.context.BootstrapUtils - Instantiating BootstrapContext using constructor [public org.springframework.test.context.support.DefaultBootstrapContext(java.lang.Class,org.springframework.test.context.CacheAwareContextLoaderDelegate)]
01:40:18.174 [Test worker] DEBUG org.springframework.test.context.BootstrapUtils - Instantiating TestContextBootstrapper for test class [com.han.springboot.domain.posts.PostsRepositoryTest] from class [org.springframework.boot.test.context.SpringBootTestContextBootstrapper]
01:40:18.183 [Test worker] INFO org.springframework.boot.test.context.SpringBootTestContextBootstrapper - Neither @ContextConfiguration nor @ContextHierarchy found for test class [com.han.springboot.domain.posts.PostsRepositoryTest], using SpringBootContextLoader
01:40:18.186 [Test worker] DEBUG org.springframework.test.context.support.AbstractContextLoader - Did not detect default resource location for test class [com.han.springboot.domain.posts.PostsRepositoryTest]: class path resource [com/han/springboot/domain/posts/PostsRepositoryTest-context.xml] does not exist
01:40:18.186 [Test worker] DEBUG org.springframework.test.context.support.AbstractContextLoader - Did not detect default resource location for test class [com.han.springboot.domain.posts.PostsRepositoryTest]: class path resource [com/han/springboot/domain/posts/PostsRepositoryTestContext.groovy] does not exist
01:40:18.186 [Test worker] INFO org.springframework.test.context.support.AbstractContextLoader - Could not detect default resource locations for test class [com.han.springboot.domain.posts.PostsRepositoryTest]: no resource found for suffixes {-context.xml, Context.groovy}.
01:40:18.187 [Test worker] INFO org.springframework.test.context.support.AnnotationConfigContextLoaderUtils - Could not detect default configuration classes for test class [com.han.springboot.domain.posts.PostsRepositoryTest]: PostsRepositoryTest does not declare any static, non-private, non-final, nested classes annotated with @Configuration.
01:40:18.219 [Test worker] DEBUG org.springframework.test.context.support.ActiveProfilesUtils - Could not find an 'annotation declaring class' for annotation type [org.springframework.test.context.ActiveProfiles] and class [com.han.springboot.domain.posts.PostsRepositoryTest]
01:40:18.279 [Test worker] DEBUG org.springframework.context.annotation.ClassPathScanningCandidateComponentProvider - Identified candidate component class: file [D:\learn\aws_spring\part2\build\classes\java\main\com\han\springboot\Application.class]
01:40:18.280 [Test worker] INFO org.springframework.boot.test.context.SpringBootTestContextBootstrapper - Found @SpringBootConfiguration com.han.springboot.Application for test class com.han.springboot.domain.posts.PostsRepositoryTest
01:40:18.354 [Test worker] DEBUG org.springframework.boot.test.context.SpringBootTestContextBootstrapper - @TestExecutionListeners is not present for class [com.han.springboot.domain.posts.PostsRepositoryTest]: using defaults.
01:40:18.354 [Test worker] INFO org.springframework.boot.test.context.SpringBootTestContextBootstrapper - Loaded default TestExecutionListener class names from location [META-INF/spring.factories]: [org.springframework.security.test.context.support.WithSecurityContextTestExecutionListener, org.springframework.security.test.context.support.ReactorContextTestExecutionListener, org.springframework.boot.test.autoconfigure.restdocs.RestDocsTestExecutionListener, org.springframework.boot.test.autoconfigure.web.client.MockRestServiceServerResetTestExecutionListener, org.springframework.boot.test.autoconfigure.web.servlet.MockMvcPrintOnlyOnFailureTestExecutionListener, org.springframework.boot.test.autoconfigure.web.servlet.WebDriverTestExecutionListener, org.springframework.boot.test.mock.mockito.MockitoTestExecutionListener, org.springframework.boot.test.mock.mockito.ResetMocksTestExecutionListener, org.springframework.test.context.web.ServletTestExecutionListener, org.springframework.test.context.support.DirtiesContextBeforeModesTestExecutionListener, org.springframework.test.context.support.DependencyInjectionTestExecutionListener, org.springframework.test.context.support.DirtiesContextTestExecutionListener, org.springframework.test.context.transaction.TransactionalTestExecutionListener, org.springframework.test.context.jdbc.SqlScriptsTestExecutionListener]
01:40:18.371 [Test worker] INFO org.springframework.boot.test.context.SpringBootTestContextBootstrapper - Using TestExecutionListeners: [org.springframework.test.context.web.ServletTestExecutionListener@4eada73e, org.springframework.test.context.support.DirtiesContextBeforeModesTestExecutionListener@64520679, org.springframework.boot.test.mock.mockito.MockitoTestExecutionListener@54fd80ed, org.springframework.boot.test.autoconfigure.SpringBootDependencyInjectionTestExecutionListener@7a73960d, org.springframework.test.context.support.DirtiesContextTestExecutionListener@59445a2a, org.springframework.test.context.transaction.TransactionalTestExecutionListener@2d51eeb5, org.springframework.test.context.jdbc.SqlScriptsTestExecutionListener@1593e91a, org.springframework.security.test.context.support.WithSecurityContextTestExecutionListener@73b6c65b, org.springframework.security.test.context.support.ReactorContextTestExecutionListener@8d8570d, org.springframework.boot.test.autoconfigure.restdocs.RestDocsTestExecutionListener@2ade24e5, org.springframework.boot.test.autoconfigure.web.client.MockRestServiceServerResetTestExecutionListener@200fd39d, org.springframework.boot.test.autoconfigure.web.servlet.MockMvcPrintOnlyOnFailureTestExecutionListener@654e5dd9, org.springframework.boot.test.autoconfigure.web.servlet.WebDriverTestExecutionListener@2f640e42, org.springframework.boot.test.mock.mockito.ResetMocksTestExecutionListener@74c6fe47]
01:40:18.374 [Test worker] DEBUG org.springframework.test.annotation.ProfileValueUtils - Retrieved @ProfileValueSourceConfiguration [null] for test class [com.han.springboot.domain.posts.PostsRepositoryTest]
01:40:18.374 [Test worker] DEBUG org.springframework.test.annotation.ProfileValueUtils - Retrieved ProfileValueSource type [class org.springframework.test.annotation.SystemProfileValueSource] for class [com.han.springboot.domain.posts.PostsRepositoryTest]
01:40:18.375 [Test worker] DEBUG org.springframework.test.annotation.ProfileValueUtils - Retrieved @ProfileValueSourceConfiguration [null] for test class [com.han.springboot.domain.posts.PostsRepositoryTest]
01:40:18.375 [Test worker] DEBUG org.springframework.test.annotation.ProfileValueUtils - Retrieved ProfileValueSource type [class org.springframework.test.annotation.SystemProfileValueSource] for class [com.han.springboot.domain.posts.PostsRepositoryTest]
01:40:18.379 [Test worker] DEBUG org.springframework.test.context.support.AbstractDirtiesContextTestExecutionListener - Before test class: context [DefaultTestContext@7742a1d7 testClass = PostsRepositoryTest, testInstance = [null], testMethod = [null], testException = [null], mergedContextConfiguration = [WebMergedContextConfiguration@3a8dac5e testClass = PostsRepositoryTest, locations = '{}', classes = '{class com.han.springboot.Application}', contextInitializerClasses = '[]', activeProfiles = '{}', propertySourceLocations = '{}', propertySourceProperties = '{org.springframework.boot.test.context.SpringBootTestContextBootstrapper=true}', contextCustomizers = set[org.springframework.boot.test.autoconfigure.properties.PropertyMappingContextCustomizer@0, org.springframework.boot.test.autoconfigure.web.servlet.WebDriverContextCustomizerFactory$Customizer@211298cc, org.springframework.boot.test.context.filter.ExcludeFilterContextCustomizer@5a85fda9, org.springframework.boot.test.json.DuplicateJsonObjectContextCustomizerFactory$DuplicateJsonObjectContextCustomizer@ec3ddee, org.springframework.boot.test.mock.mockito.MockitoContextCustomizer@0, org.springframework.boot.test.web.client.TestRestTemplateContextCustomizer@13f345f8], resourceBasePath = 'src/main/webapp', contextLoader = 'org.springframework.boot.test.context.SpringBootContextLoader', parent = [null]], attributes = map['org.springframework.test.context.web.ServletTestExecutionListener.activateListener' -> true]], class annotated with @DirtiesContext [false] with mode [null].
01:40:18.379 [Test worker] DEBUG org.springframework.test.annotation.ProfileValueUtils - Retrieved @ProfileValueSourceConfiguration [null] for test class [com.han.springboot.domain.posts.PostsRepositoryTest]
01:40:18.380 [Test worker] DEBUG org.springframework.test.annotation.ProfileValueUtils - Retrieved ProfileValueSource type [class org.springframework.test.annotation.SystemProfileValueSource] for class [com.han.springboot.domain.posts.PostsRepositoryTest]
01:40:18.397 [Test worker] DEBUG org.springframework.test.context.support.TestPropertySourceUtils - Adding inlined properties to environment: {spring.jmx.enabled=false, org.springframework.boot.test.context.SpringBootTestContextBootstrapper=true, server.port=-1}

  .   ____          _            __ _ _
 /\\ / ___'_ __ _ _(_)_ __  __ _ \ \ \ \
( ( )\___ | '_ | '_| | '_ \/ _` | \ \ \ \
 \\/  ___)| |_)| | | | | || (_| |  ) ) ) )
  '  |____| .__|_| |_|_| |_\__, | / / / /
 =========|_|==============|___/=/_/_/_/
 :: Spring Boot ::        (v2.1.9.RELEASE)

2021-02-17 01:40:18.616  INFO 14596 --- [    Test worker] c.h.s.domain.posts.PostsRepositoryTest   : Starting PostsRepositoryTest on DESKTOP-CMGDKC8 with PID 14596 (started by han in D:\learn\aws_spring\part2)
2021-02-17 01:40:18.617  INFO 14596 --- [    Test worker] c.h.s.domain.posts.PostsRepositoryTest   : The following profiles are active: oauth
2021-02-17 01:40:19.335  INFO 14596 --- [    Test worker] .s.d.r.c.RepositoryConfigurationDelegate : Bootstrapping Spring Data repositories in DEFAULT mode.
2021-02-17 01:40:19.395  INFO 14596 --- [    Test worker] .s.d.r.c.RepositoryConfigurationDelegate : Finished Spring Data repository scanning in 52ms. Found 2 repository interfaces.
2021-02-17 01:40:19.799  INFO 14596 --- [    Test worker] trationDelegate$BeanPostProcessorChecker : Bean 'org.springframework.transaction.annotation.ProxyTransactionManagementConfiguration' of type [org.springframework.transaction.annotation.ProxyTransactionManagementConfiguration$$EnhancerBySpringCGLIB$$2ea2a0d] is not eligible for getting processed by all BeanPostProcessors (for example: not eligible for auto-proxying)
2021-02-17 01:40:20.016  INFO 14596 --- [    Test worker] com.zaxxer.hikari.HikariDataSource       : HikariPool-1 - Starting...
2021-02-17 01:40:20.156  INFO 14596 --- [    Test worker] com.zaxxer.hikari.HikariDataSource       : HikariPool-1 - Start completed.
2021-02-17 01:40:20.236  INFO 14596 --- [    Test worker] o.hibernate.jpa.internal.util.LogHelper  : HHH000204: Processing PersistenceUnitInfo [
	name: default
	...]
2021-02-17 01:40:20.298  INFO 14596 --- [    Test worker] org.hibernate.Version                    : HHH000412: Hibernate Core {5.3.12.Final}
2021-02-17 01:40:20.299  INFO 14596 --- [    Test worker] org.hibernate.cfg.Environment            : HHH000206: hibernate.properties not found
2021-02-17 01:40:20.425  INFO 14596 --- [    Test worker] o.hibernate.annotations.common.Version   : HCANN000001: Hibernate Commons Annotations {5.0.4.Final}
2021-02-17 01:40:20.560  INFO 14596 --- [    Test worker] org.hibernate.dialect.Dialect            : HHH000400: Using dialect: org.hibernate.dialect.MariaDB102Dialect
Hibernate: drop table if exists posts
Hibernate: drop table if exists user
Hibernate: create table posts (id bigint not null auto_increment, created_date datetime(6), modified_date datetime(6), author varchar(255), content TEXT not null, title varchar(500) not null, primary key (id)) engine=InnoDB
Hibernate: create table user (id bigint not null auto_increment, created_date datetime(6), modified_date datetime(6), email varchar(255) not null, name varchar(255) not null, picture varchar(255), role varchar(255) not null, primary key (id)) engine=InnoDB
2021-02-17 01:40:21.118  INFO 14596 --- [    Test worker] o.h.t.schema.internal.SchemaCreatorImpl  : HHH000476: Executing import script 'org.hibernate.tool.schema.internal.exec.ScriptSourceInputNonExistentImpl@78b820ad'
2021-02-17 01:40:21.121  INFO 14596 --- [    Test worker] j.LocalContainerEntityManagerFactoryBean : Initialized JPA EntityManagerFactory for persistence unit 'default'
2021-02-17 01:40:21.777  INFO 14596 --- [    Test worker] o.h.h.i.QueryTranslatorFactoryInitiator  : HHH000397: Using ASTQueryTranslatorFactory
2021-02-17 01:40:22.312  INFO 14596 --- [    Test worker] o.s.s.web.DefaultSecurityFilterChain     : Creating filter chain: any request, [org.springframework.security.web.context.request.async.WebAsyncManagerIntegrationFilter@196d2be1, org.springframework.security.web.context.SecurityContextPersistenceFilter@1622ab24, org.springframework.security.web.header.HeaderWriterFilter@3e2cb031, org.springframework.security.web.authentication.logout.LogoutFilter@61a213be, org.springframework.security.oauth2.client.web.OAuth2AuthorizationRequestRedirectFilter@5888dc86, org.springframework.security.oauth2.client.web.OAuth2LoginAuthenticationFilter@5be120b7, org.springframework.security.web.authentication.ui.DefaultLoginPageGeneratingFilter@52c2bb00, org.springframework.security.web.authentication.ui.DefaultLogoutPageGeneratingFilter@492c6a8e, org.springframework.security.web.savedrequest.RequestCacheAwareFilter@2d8a3a48, org.springframework.security.web.servletapi.SecurityContextHolderAwareRequestFilter@abea8e4, org.springframework.security.web.authentication.AnonymousAuthenticationFilter@5ce01ff7, org.springframework.security.web.session.SessionManagementFilter@1bc32ed2, org.springframework.security.web.access.ExceptionTranslationFilter@766b4179, org.springframework.security.web.access.intercept.FilterSecurityInterceptor@12951a1d]
2021-02-17 01:40:22.764  INFO 14596 --- [    Test worker] o.s.s.concurrent.ThreadPoolTaskExecutor  : Initializing ExecutorService 'applicationTaskExecutor'
2021-02-17 01:40:22.807  WARN 14596 --- [    Test worker] aWebConfiguration$JpaWebMvcConfiguration : spring.jpa.open-in-view is enabled by default. Therefore, database queries may be performed during view rendering. Explicitly configure spring.jpa.open-in-view to disable this warning
2021-02-17 01:40:22.852  INFO 14596 --- [    Test worker] o.s.b.a.w.s.WelcomePageHandlerMapping    : Adding welcome page template: index
2021-02-17 01:40:23.260  INFO 14596 --- [    Test worker] s.a.ScheduledAnnotationBeanPostProcessor : No TaskScheduler/ScheduledExecutorService bean found for scheduled processing
2021-02-17 01:40:23.269  INFO 14596 --- [    Test worker] c.h.s.domain.posts.PostsRepositoryTest   : Started PostsRepositoryTest in 4.866 seconds (JVM running for 5.687)
Hibernate: insert into posts (created_date, modified_date, author, content, title) values (?, ?, ?, ?, ?)
Hibernate: select posts0_.id as id1_0_, posts0_.created_date as created_2_0_, posts0_.modified_date as modified3_0_, posts0_.author as author4_0_, posts0_.content as content5_0_, posts0_.title as title6_0_ from posts posts0_
2021-02-17T01:40:23.399
2021-02-17T01:40:23.399
Hibernate: select posts0_.id as id1_0_, posts0_.created_date as created_2_0_, posts0_.modified_date as modified3_0_, posts0_.author as author4_0_, posts0_.content as content5_0_, posts0_.title as title6_0_ from posts posts0_
Hibernate: delete from posts where id=?
Hibernate: insert into posts (created_date, modified_date, author, content, title) values (?, ?, ?, ?, ?)
Hibernate: select posts0_.id as id1_0_, posts0_.created_date as created_2_0_, posts0_.modified_date as modified3_0_, posts0_.author as author4_0_, posts0_.content as content5_0_, posts0_.title as title6_0_ from posts posts0_
Hibernate: select posts0_.id as id1_0_, posts0_.created_date as created_2_0_, posts0_.modified_date as modified3_0_, posts0_.author as author4_0_, posts0_.content as content5_0_, posts0_.title as title6_0_ from posts posts0_
Hibernate: delete from posts where id=?
]]></system-out>
  <system-err><![CDATA[]]></system-err>
</testsuite>
