<?xml version="1.0" encoding="UTF-8"?>
<testsuite name="com.han.springboot.web.PostsApiControllerTest" tests="2" skipped="0" failures="0" errors="0" timestamp="2021-02-17T15:14:23" hostname="DESKTOP-CMGDKC8" time="0.128">
  <properties/>
  <testcase name="Posts_등록된다" classname="com.han.springboot.web.PostsApiControllerTest" time="0.086"/>
  <testcase name="Posts_수정된다" classname="com.han.springboot.web.PostsApiControllerTest" time="0.041"/>
  <system-out><![CDATA[2021-02-18 00:14:22.048  INFO 10864 --- [    Test worker] .b.t.c.SpringBootTestContextBootstrapper : Neither @ContextConfiguration nor @ContextHierarchy found for test class [com.han.springboot.web.PostsApiControllerTest], using SpringBootContextLoader
2021-02-18 00:14:22.049  INFO 10864 --- [    Test worker] o.s.t.c.support.AbstractContextLoader    : Could not detect default resource locations for test class [com.han.springboot.web.PostsApiControllerTest]: no resource found for suffixes {-context.xml, Context.groovy}.
2021-02-18 00:14:22.049  INFO 10864 --- [    Test worker] t.c.s.AnnotationConfigContextLoaderUtils : Could not detect default configuration classes for test class [com.han.springboot.web.PostsApiControllerTest]: PostsApiControllerTest does not declare any static, non-private, non-final, nested classes annotated with @Configuration.
2021-02-18 00:14:22.051  INFO 10864 --- [    Test worker] .b.t.c.SpringBootTestContextBootstrapper : Found @SpringBootConfiguration com.han.springboot.Application for test class com.han.springboot.web.PostsApiControllerTest
2021-02-18 00:14:22.053  INFO 10864 --- [    Test worker] .b.t.c.SpringBootTestContextBootstrapper : Loaded default TestExecutionListener class names from location [META-INF/spring.factories]: [org.springframework.security.test.context.support.WithSecurityContextTestExecutionListener, org.springframework.security.test.context.support.ReactorContextTestExecutionListener, org.springframework.boot.test.autoconfigure.restdocs.RestDocsTestExecutionListener, org.springframework.boot.test.autoconfigure.web.client.MockRestServiceServerResetTestExecutionListener, org.springframework.boot.test.autoconfigure.web.servlet.MockMvcPrintOnlyOnFailureTestExecutionListener, org.springframework.boot.test.autoconfigure.web.servlet.WebDriverTestExecutionListener, org.springframework.boot.test.mock.mockito.MockitoTestExecutionListener, org.springframework.boot.test.mock.mockito.ResetMocksTestExecutionListener, org.springframework.test.context.web.ServletTestExecutionListener, org.springframework.test.context.support.DirtiesContextBeforeModesTestExecutionListener, org.springframework.test.context.support.DependencyInjectionTestExecutionListener, org.springframework.test.context.support.DirtiesContextTestExecutionListener, org.springframework.test.context.transaction.TransactionalTestExecutionListener, org.springframework.test.context.jdbc.SqlScriptsTestExecutionListener]
2021-02-18 00:14:22.054  INFO 10864 --- [    Test worker] .b.t.c.SpringBootTestContextBootstrapper : Using TestExecutionListeners: [org.springframework.test.context.web.ServletTestExecutionListener@33e3bddd, org.springframework.test.context.support.DirtiesContextBeforeModesTestExecutionListener@470a4a3c, org.springframework.boot.test.mock.mockito.MockitoTestExecutionListener@426986e7, org.springframework.boot.test.autoconfigure.SpringBootDependencyInjectionTestExecutionListener@1c4af8a7, org.springframework.test.context.support.DirtiesContextTestExecutionListener@32e9b3a6, org.springframework.test.context.transaction.TransactionalTestExecutionListener@2727446d, org.springframework.test.context.jdbc.SqlScriptsTestExecutionListener@29f7b0d0, org.springframework.security.test.context.support.WithSecurityContextTestExecutionListener@62b3fa89, org.springframework.security.test.context.support.ReactorContextTestExecutionListener@1db811fa, org.springframework.boot.test.autoconfigure.restdocs.RestDocsTestExecutionListener@212a0c, org.springframework.boot.test.autoconfigure.web.client.MockRestServiceServerResetTestExecutionListener@14c46be8, org.springframework.boot.test.autoconfigure.web.servlet.MockMvcPrintOnlyOnFailureTestExecutionListener@69deac4b, org.springframework.boot.test.autoconfigure.web.servlet.WebDriverTestExecutionListener@34b4474b, org.springframework.boot.test.mock.mockito.ResetMocksTestExecutionListener@3dcc6a9b]

  .   ____          _            __ _ _
 /\\ / ___'_ __ _ _(_)_ __  __ _ \ \ \ \
( ( )\___ | '_ | '_| | '_ \/ _` | \ \ \ \
 \\/  ___)| |_)| | | | | || (_| |  ) ) ) )
  '  |____| .__|_| |_|_| |_\__, | / / / /
 =========|_|==============|___/=/_/_/_/
 :: Spring Boot ::        (v2.1.9.RELEASE)

2021-02-18 00:14:22.090  INFO 10864 --- [    Test worker] c.h.s.web.PostsApiControllerTest         : Starting PostsApiControllerTest on DESKTOP-CMGDKC8 with PID 10864 (started by han in D:\learn\aws_spring\part2)
2021-02-18 00:14:22.090  INFO 10864 --- [    Test worker] c.h.s.web.PostsApiControllerTest         : The following profiles are active: oauth
2021-02-18 00:14:22.239  INFO 10864 --- [    Test worker] .s.d.r.c.RepositoryConfigurationDelegate : Bootstrapping Spring Data repositories in DEFAULT mode.
2021-02-18 00:14:22.250  INFO 10864 --- [    Test worker] .s.d.r.c.RepositoryConfigurationDelegate : Finished Spring Data repository scanning in 11ms. Found 2 repository interfaces.
2021-02-18 00:14:22.332  INFO 10864 --- [    Test worker] trationDelegate$BeanPostProcessorChecker : Bean 'org.springframework.transaction.annotation.ProxyTransactionManagementConfiguration' of type [org.springframework.transaction.annotation.ProxyTransactionManagementConfiguration$$EnhancerBySpringCGLIB$$164dfed0] is not eligible for getting processed by all BeanPostProcessors (for example: not eligible for auto-proxying)
2021-02-18 00:14:22.595  INFO 10864 --- [    Test worker] o.s.b.w.embedded.tomcat.TomcatWebServer  : Tomcat initialized with port(s): 0 (http)
2021-02-18 00:14:22.632  INFO 10864 --- [    Test worker] o.apache.catalina.core.StandardService   : Starting service [Tomcat]
2021-02-18 00:14:22.633  INFO 10864 --- [    Test worker] org.apache.catalina.core.StandardEngine  : Starting Servlet engine: [Apache Tomcat/9.0.26]
2021-02-18 00:14:22.791  INFO 10864 --- [    Test worker] o.a.c.c.C.[Tomcat].[localhost].[/]       : Initializing Spring embedded WebApplicationContext
2021-02-18 00:14:22.791  INFO 10864 --- [    Test worker] o.s.web.context.ContextLoader            : Root WebApplicationContext: initialization completed in 700 ms
2021-02-18 00:14:22.939  INFO 10864 --- [    Test worker] com.zaxxer.hikari.HikariDataSource       : HikariPool-2 - Starting...
2021-02-18 00:14:22.940  INFO 10864 --- [    Test worker] com.zaxxer.hikari.HikariDataSource       : HikariPool-2 - Start completed.
2021-02-18 00:14:22.962  INFO 10864 --- [    Test worker] o.hibernate.jpa.internal.util.LogHelper  : HHH000204: Processing PersistenceUnitInfo [
	name: default
	...]
2021-02-18 00:14:22.968  INFO 10864 --- [    Test worker] org.hibernate.dialect.Dialect            : HHH000400: Using dialect: org.hibernate.dialect.MariaDB102Dialect
Hibernate: drop table if exists posts
Hibernate: drop table if exists user
Hibernate: create table posts (id bigint not null auto_increment, created_date datetime(6), modified_date datetime(6), author varchar(255), content TEXT not null, title varchar(500) not null, primary key (id)) engine=InnoDB
Hibernate: create table user (id bigint not null auto_increment, created_date datetime(6), modified_date datetime(6), email varchar(255) not null, name varchar(255) not null, picture varchar(255), role varchar(255) not null, primary key (id)) engine=InnoDB
2021-02-18 00:14:23.018  INFO 10864 --- [    Test worker] o.h.t.schema.internal.SchemaCreatorImpl  : HHH000476: Executing import script 'org.hibernate.tool.schema.internal.exec.ScriptSourceInputNonExistentImpl@2656600'
2021-02-18 00:14:23.018  INFO 10864 --- [    Test worker] j.LocalContainerEntityManagerFactoryBean : Initialized JPA EntityManagerFactory for persistence unit 'default'
2021-02-18 00:14:23.287  INFO 10864 --- [    Test worker] o.h.h.i.QueryTranslatorFactoryInitiator  : HHH000397: Using ASTQueryTranslatorFactory
2021-02-18 00:14:23.420  INFO 10864 --- [    Test worker] o.s.s.web.DefaultSecurityFilterChain     : Creating filter chain: any request, [org.springframework.security.web.context.request.async.WebAsyncManagerIntegrationFilter@2df09a7a, org.springframework.security.web.context.SecurityContextPersistenceFilter@53b982ef, org.springframework.security.web.header.HeaderWriterFilter@473fd2d7, org.springframework.security.web.authentication.logout.LogoutFilter@207835f, org.springframework.security.oauth2.client.web.OAuth2AuthorizationRequestRedirectFilter@1050b49, org.springframework.security.oauth2.client.web.OAuth2LoginAuthenticationFilter@3d6b30ca, org.springframework.security.web.authentication.ui.DefaultLoginPageGeneratingFilter@1db6c4fc, org.springframework.security.web.authentication.ui.DefaultLogoutPageGeneratingFilter@3b07100d, org.springframework.security.web.savedrequest.RequestCacheAwareFilter@a53140e, org.springframework.security.web.servletapi.SecurityContextHolderAwareRequestFilter@33c3d6f9, org.springframework.security.web.authentication.AnonymousAuthenticationFilter@12710b67, org.springframework.security.web.session.SessionManagementFilter@1c265fb2, org.springframework.security.web.access.ExceptionTranslationFilter@e8af729, org.springframework.security.web.access.intercept.FilterSecurityInterceptor@14504637]
2021-02-18 00:14:23.621  INFO 10864 --- [    Test worker] o.s.s.concurrent.ThreadPoolTaskExecutor  : Initializing ExecutorService 'applicationTaskExecutor'
2021-02-18 00:14:23.635  WARN 10864 --- [    Test worker] aWebConfiguration$JpaWebMvcConfiguration : spring.jpa.open-in-view is enabled by default. Therefore, database queries may be performed during view rendering. Explicitly configure spring.jpa.open-in-view to disable this warning
2021-02-18 00:14:23.663  INFO 10864 --- [    Test worker] o.s.b.a.w.s.WelcomePageHandlerMapping    : Adding welcome page template: index
2021-02-18 00:14:23.908  INFO 10864 --- [    Test worker] s.a.ScheduledAnnotationBeanPostProcessor : No TaskScheduler/ScheduledExecutorService bean found for scheduled processing
2021-02-18 00:14:23.926  INFO 10864 --- [    Test worker] o.s.b.w.embedded.tomcat.TomcatWebServer  : Tomcat started on port(s): 12708 (http) with context path ''
2021-02-18 00:14:23.928  INFO 10864 --- [    Test worker] c.h.s.web.PostsApiControllerTest         : Started PostsApiControllerTest in 1.872 seconds (JVM running for 9.967)
2021-02-18 00:14:23.938  INFO 10864 --- [    Test worker] o.a.c.c.C.[Tomcat].[localhost].[/]       : Initializing Spring TestDispatcherServlet ''
2021-02-18 00:14:23.938  INFO 10864 --- [    Test worker] o.s.t.web.servlet.TestDispatcherServlet  : Initializing Servlet ''
2021-02-18 00:14:23.947  INFO 10864 --- [    Test worker] o.s.t.web.servlet.TestDispatcherServlet  : Completed initialization in 9 ms
Hibernate: insert into posts (created_date, modified_date, author, content, title) values (?, ?, ?, ?, ?)
Hibernate: select posts0_.id as id1_0_, posts0_.created_date as created_2_0_, posts0_.modified_date as modified3_0_, posts0_.author as author4_0_, posts0_.content as content5_0_, posts0_.title as title6_0_ from posts posts0_
Hibernate: select posts0_.id as id1_0_, posts0_.created_date as created_2_0_, posts0_.modified_date as modified3_0_, posts0_.author as author4_0_, posts0_.content as content5_0_, posts0_.title as title6_0_ from posts posts0_
Hibernate: delete from posts where id=?
2021-02-18 00:14:24.023  INFO 10864 --- [    Test worker] o.a.c.c.C.[Tomcat].[localhost].[/]       : Initializing Spring TestDispatcherServlet ''
2021-02-18 00:14:24.024  INFO 10864 --- [    Test worker] o.s.t.web.servlet.TestDispatcherServlet  : Initializing Servlet ''
2021-02-18 00:14:24.027  INFO 10864 --- [    Test worker] o.s.t.web.servlet.TestDispatcherServlet  : Completed initialization in 3 ms
Hibernate: insert into posts (created_date, modified_date, author, content, title) values (?, ?, ?, ?, ?)
Hibernate: select posts0_.id as id1_0_0_, posts0_.created_date as created_2_0_0_, posts0_.modified_date as modified3_0_0_, posts0_.author as author4_0_0_, posts0_.content as content5_0_0_, posts0_.title as title6_0_0_ from posts posts0_ where posts0_.id=?
Hibernate: update posts set created_date=?, modified_date=?, author=?, content=?, title=? where id=?
Hibernate: select posts0_.id as id1_0_, posts0_.created_date as created_2_0_, posts0_.modified_date as modified3_0_, posts0_.author as author4_0_, posts0_.content as content5_0_, posts0_.title as title6_0_ from posts posts0_
Hibernate: select posts0_.id as id1_0_, posts0_.created_date as created_2_0_, posts0_.modified_date as modified3_0_, posts0_.author as author4_0_, posts0_.content as content5_0_, posts0_.title as title6_0_ from posts posts0_
Hibernate: delete from posts where id=?
]]></system-out>
  <system-err><![CDATA[]]></system-err>
</testsuite>
