<?xml version="1.0" encoding="UTF-8"?>
<testsuite name="com.han.springboot.web.HelloControllerTest" tests="2" skipped="0" failures="0" errors="0" timestamp="2021-02-16T16:40:24" hostname="DESKTOP-CMGDKC8" time="0.122">
  <properties/>
  <testcase name="hello가_리턴된다" classname="com.han.springboot.web.HelloControllerTest" time="0.053"/>
  <testcase name="helloDto가_리턴된다" classname="com.han.springboot.web.HelloControllerTest" time="0.069"/>
  <system-out><![CDATA[2021-02-17 01:40:23.602  INFO 14596 --- [    Test worker] .b.t.a.w.s.WebMvcTestContextBootstrapper : Neither @ContextConfiguration nor @ContextHierarchy found for test class [com.han.springboot.web.HelloControllerTest], using SpringBootContextLoader
2021-02-17 01:40:23.604  INFO 14596 --- [    Test worker] o.s.t.c.support.AbstractContextLoader    : Could not detect default resource locations for test class [com.han.springboot.web.HelloControllerTest]: no resource found for suffixes {-context.xml, Context.groovy}.
2021-02-17 01:40:23.604  INFO 14596 --- [    Test worker] t.c.s.AnnotationConfigContextLoaderUtils : Could not detect default configuration classes for test class [com.han.springboot.web.HelloControllerTest]: HelloControllerTest does not declare any static, non-private, non-final, nested classes annotated with @Configuration.
2021-02-17 01:40:23.637  INFO 14596 --- [    Test worker] .b.t.c.SpringBootTestContextBootstrapper : Found @SpringBootConfiguration com.han.springboot.Application for test class com.han.springboot.web.HelloControllerTest
2021-02-17 01:40:23.639  INFO 14596 --- [    Test worker] .b.t.a.w.s.WebMvcTestContextBootstrapper : Loaded default TestExecutionListener class names from location [META-INF/spring.factories]: [org.springframework.security.test.context.support.WithSecurityContextTestExecutionListener, org.springframework.security.test.context.support.ReactorContextTestExecutionListener, org.springframework.boot.test.autoconfigure.restdocs.RestDocsTestExecutionListener, org.springframework.boot.test.autoconfigure.web.client.MockRestServiceServerResetTestExecutionListener, org.springframework.boot.test.autoconfigure.web.servlet.MockMvcPrintOnlyOnFailureTestExecutionListener, org.springframework.boot.test.autoconfigure.web.servlet.WebDriverTestExecutionListener, org.springframework.boot.test.mock.mockito.MockitoTestExecutionListener, org.springframework.boot.test.mock.mockito.ResetMocksTestExecutionListener, org.springframework.test.context.web.ServletTestExecutionListener, org.springframework.test.context.support.DirtiesContextBeforeModesTestExecutionListener, org.springframework.test.context.support.DependencyInjectionTestExecutionListener, org.springframework.test.context.support.DirtiesContextTestExecutionListener, org.springframework.test.context.transaction.TransactionalTestExecutionListener, org.springframework.test.context.jdbc.SqlScriptsTestExecutionListener]
2021-02-17 01:40:23.641  INFO 14596 --- [    Test worker] .b.t.a.w.s.WebMvcTestContextBootstrapper : Using TestExecutionListeners: [org.springframework.test.context.web.ServletTestExecutionListener@6c1972bc, org.springframework.test.context.support.DirtiesContextBeforeModesTestExecutionListener@258e3594, org.springframework.boot.test.mock.mockito.MockitoTestExecutionListener@4d61ec8e, org.springframework.boot.test.autoconfigure.SpringBootDependencyInjectionTestExecutionListener@78e7d9d0, org.springframework.test.context.support.DirtiesContextTestExecutionListener@5fccd8e2, org.springframework.test.context.transaction.TransactionalTestExecutionListener@b3a641a, org.springframework.test.context.jdbc.SqlScriptsTestExecutionListener@49fdec6f, org.springframework.security.test.context.support.WithSecurityContextTestExecutionListener@f1295d9, org.springframework.security.test.context.support.ReactorContextTestExecutionListener@36204711, org.springframework.boot.test.autoconfigure.restdocs.RestDocsTestExecutionListener@6e62ff7b, org.springframework.boot.test.autoconfigure.web.client.MockRestServiceServerResetTestExecutionListener@485ae84c, org.springframework.boot.test.autoconfigure.web.servlet.MockMvcPrintOnlyOnFailureTestExecutionListener@53fd00c3, org.springframework.boot.test.autoconfigure.web.servlet.WebDriverTestExecutionListener@6751dd62, org.springframework.boot.test.mock.mockito.ResetMocksTestExecutionListener@1e317fd4]

  .   ____          _            __ _ _
 /\\ / ___'_ __ _ _(_)_ __  __ _ \ \ \ \
( ( )\___ | '_ | '_| | '_ \/ _` | \ \ \ \
 \\/  ___)| |_)| | | | | || (_| |  ) ) ) )
  '  |____| .__|_| |_|_| |_\__, | / / / /
 =========|_|==============|___/=/_/_/_/
 :: Spring Boot ::        (v2.1.9.RELEASE)

2021-02-17 01:40:23.689  INFO 14596 --- [    Test worker] c.h.springboot.web.HelloControllerTest   : Starting HelloControllerTest on DESKTOP-CMGDKC8 with PID 14596 (started by han in D:\learn\aws_spring\part2)
2021-02-17 01:40:23.689  INFO 14596 --- [    Test worker] c.h.springboot.web.HelloControllerTest   : The following profiles are active: oauth
2021-02-17 01:40:24.102  INFO 14596 --- [    Test worker] o.s.s.concurrent.ThreadPoolTaskExecutor  : Initializing ExecutorService 'applicationTaskExecutor'
2021-02-17 01:40:24.135  INFO 14596 --- [    Test worker] o.s.b.a.w.s.WelcomePageHandlerMapping    : Adding welcome page template: index
2021-02-17 01:40:24.323  INFO 14596 --- [    Test worker] .s.s.UserDetailsServiceAutoConfiguration : 

Using generated security password: dcc6bf3a-a53d-46a1-9b8f-14a3a672d82d

2021-02-17 01:40:24.416  INFO 14596 --- [    Test worker] o.s.s.web.DefaultSecurityFilterChain     : Creating filter chain: any request, [org.springframework.security.web.context.request.async.WebAsyncManagerIntegrationFilter@229c0129, org.springframework.security.web.context.SecurityContextPersistenceFilter@13a2a234, org.springframework.security.web.header.HeaderWriterFilter@619375da, org.springframework.security.web.csrf.CsrfFilter@1f2cf38b, org.springframework.security.web.authentication.logout.LogoutFilter@622f225a, org.springframework.security.web.authentication.UsernamePasswordAuthenticationFilter@976999, org.springframework.security.web.authentication.ui.DefaultLoginPageGeneratingFilter@22c27bba, org.springframework.security.web.authentication.ui.DefaultLogoutPageGeneratingFilter@6e27f771, org.springframework.security.web.authentication.www.BasicAuthenticationFilter@8bf895d, org.springframework.security.web.savedrequest.RequestCacheAwareFilter@1a8a1377, org.springframework.security.web.servletapi.SecurityContextHolderAwareRequestFilter@604d8859, org.springframework.security.web.authentication.AnonymousAuthenticationFilter@1a267e89, org.springframework.security.web.session.SessionManagementFilter@19db62c8, org.springframework.security.web.access.ExceptionTranslationFilter@cf0aa35, org.springframework.security.web.access.intercept.FilterSecurityInterceptor@5f19498e]
2021-02-17 01:40:24.449  INFO 14596 --- [    Test worker] o.s.b.t.m.w.SpringBootMockServletContext : Initializing Spring TestDispatcherServlet ''
2021-02-17 01:40:24.449  INFO 14596 --- [    Test worker] o.s.t.web.servlet.TestDispatcherServlet  : Initializing Servlet ''
2021-02-17 01:40:24.461  INFO 14596 --- [    Test worker] o.s.t.web.servlet.TestDispatcherServlet  : Completed initialization in 12 ms
2021-02-17 01:40:24.484  INFO 14596 --- [    Test worker] c.h.springboot.web.HelloControllerTest   : Started HelloControllerTest in 0.838 seconds (JVM running for 6.903)
]]></system-out>
  <system-err><![CDATA[]]></system-err>
</testsuite>
