<?xml version="1.0" encoding="UTF-8"?>
<testsuite name="com.han.springboot.web.IndexControllerTest" tests="1" skipped="0" failures="0" errors="0" timestamp="2021-01-12T12:16:50" hostname="DESKTOP-OJJGT52" time="0.25">
  <properties/>
  <testcase name="mainLoading" classname="com.han.springboot.web.IndexControllerTest" time="0.25"/>
  <system-out><![CDATA[21:16:45.476 [Test worker] DEBUG org.springframework.test.context.junit4.SpringJUnit4ClassRunner - SpringJUnit4ClassRunner constructor called with [class com.han.springboot.web.IndexControllerTest]
21:16:45.483 [Test worker] DEBUG org.springframework.test.context.BootstrapUtils - Instantiating CacheAwareContextLoaderDelegate from class [org.springframework.test.context.cache.DefaultCacheAwareContextLoaderDelegate]
21:16:45.492 [Test worker] DEBUG org.springframework.test.context.BootstrapUtils - Instantiating BootstrapContext using constructor [public org.springframework.test.context.support.DefaultBootstrapContext(java.lang.Class,org.springframework.test.context.CacheAwareContextLoaderDelegate)]
21:16:45.509 [Test worker] DEBUG org.springframework.test.context.BootstrapUtils - Instantiating TestContextBootstrapper for test class [com.han.springboot.web.IndexControllerTest] from class [org.springframework.boot.test.context.SpringBootTestContextBootstrapper]
21:16:45.527 [Test worker] INFO org.springframework.boot.test.context.SpringBootTestContextBootstrapper - Neither @ContextConfiguration nor @ContextHierarchy found for test class [com.han.springboot.web.IndexControllerTest], using SpringBootContextLoader
21:16:45.530 [Test worker] DEBUG org.springframework.test.context.support.AbstractContextLoader - Did not detect default resource location for test class [com.han.springboot.web.IndexControllerTest]: class path resource [com/han/springboot/web/IndexControllerTest-context.xml] does not exist
21:16:45.530 [Test worker] DEBUG org.springframework.test.context.support.AbstractContextLoader - Did not detect default resource location for test class [com.han.springboot.web.IndexControllerTest]: class path resource [com/han/springboot/web/IndexControllerTestContext.groovy] does not exist
21:16:45.530 [Test worker] INFO org.springframework.test.context.support.AbstractContextLoader - Could not detect default resource locations for test class [com.han.springboot.web.IndexControllerTest]: no resource found for suffixes {-context.xml, Context.groovy}.
21:16:45.531 [Test worker] INFO org.springframework.test.context.support.AnnotationConfigContextLoaderUtils - Could not detect default configuration classes for test class [com.han.springboot.web.IndexControllerTest]: IndexControllerTest does not declare any static, non-private, non-final, nested classes annotated with @Configuration.
21:16:45.570 [Test worker] DEBUG org.springframework.test.context.support.ActiveProfilesUtils - Could not find an 'annotation declaring class' for annotation type [org.springframework.test.context.ActiveProfiles] and class [com.han.springboot.web.IndexControllerTest]
21:16:45.646 [Test worker] DEBUG org.springframework.context.annotation.ClassPathScanningCandidateComponentProvider - Identified candidate component class: file [D:\learn\aws_spring\new\build\classes\java\main\com\han\springboot\Application.class]
21:16:45.647 [Test worker] INFO org.springframework.boot.test.context.SpringBootTestContextBootstrapper - Found @SpringBootConfiguration com.han.springboot.Application for test class com.han.springboot.web.IndexControllerTest
21:16:45.721 [Test worker] DEBUG org.springframework.boot.test.context.SpringBootTestContextBootstrapper - @TestExecutionListeners is not present for class [com.han.springboot.web.IndexControllerTest]: using defaults.
21:16:45.721 [Test worker] INFO org.springframework.boot.test.context.SpringBootTestContextBootstrapper - Loaded default TestExecutionListener class names from location [META-INF/spring.factories]: [org.springframework.boot.test.autoconfigure.restdocs.RestDocsTestExecutionListener, org.springframework.boot.test.autoconfigure.web.client.MockRestServiceServerResetTestExecutionListener, org.springframework.boot.test.autoconfigure.web.servlet.MockMvcPrintOnlyOnFailureTestExecutionListener, org.springframework.boot.test.autoconfigure.web.servlet.WebDriverTestExecutionListener, org.springframework.boot.test.mock.mockito.MockitoTestExecutionListener, org.springframework.boot.test.mock.mockito.ResetMocksTestExecutionListener, org.springframework.test.context.web.ServletTestExecutionListener, org.springframework.test.context.support.DirtiesContextBeforeModesTestExecutionListener, org.springframework.test.context.support.DependencyInjectionTestExecutionListener, org.springframework.test.context.support.DirtiesContextTestExecutionListener, org.springframework.test.context.transaction.TransactionalTestExecutionListener, org.springframework.test.context.jdbc.SqlScriptsTestExecutionListener]
21:16:45.737 [Test worker] INFO org.springframework.boot.test.context.SpringBootTestContextBootstrapper - Using TestExecutionListeners: [org.springframework.test.context.web.ServletTestExecutionListener@6b5e040f, org.springframework.test.context.support.DirtiesContextBeforeModesTestExecutionListener@6c855a92, org.springframework.boot.test.mock.mockito.MockitoTestExecutionListener@5f05335a, org.springframework.boot.test.autoconfigure.SpringBootDependencyInjectionTestExecutionListener@6d4593f, org.springframework.test.context.support.DirtiesContextTestExecutionListener@1db14b96, org.springframework.test.context.transaction.TransactionalTestExecutionListener@5ba6c378, org.springframework.test.context.jdbc.SqlScriptsTestExecutionListener@2d4fa4b5, org.springframework.boot.test.autoconfigure.restdocs.RestDocsTestExecutionListener@9760d82, org.springframework.boot.test.autoconfigure.web.client.MockRestServiceServerResetTestExecutionListener@1e8c0ac1, org.springframework.boot.test.autoconfigure.web.servlet.MockMvcPrintOnlyOnFailureTestExecutionListener@73dca76b, org.springframework.boot.test.autoconfigure.web.servlet.WebDriverTestExecutionListener@2366cfa9, org.springframework.boot.test.mock.mockito.ResetMocksTestExecutionListener@1a45dc5a]
21:16:45.741 [Test worker] DEBUG org.springframework.test.annotation.ProfileValueUtils - Retrieved @ProfileValueSourceConfiguration [null] for test class [com.han.springboot.web.IndexControllerTest]
21:16:45.741 [Test worker] DEBUG org.springframework.test.annotation.ProfileValueUtils - Retrieved ProfileValueSource type [class org.springframework.test.annotation.SystemProfileValueSource] for class [com.han.springboot.web.IndexControllerTest]
21:16:45.744 [Test worker] DEBUG org.springframework.test.annotation.ProfileValueUtils - Retrieved @ProfileValueSourceConfiguration [null] for test class [com.han.springboot.web.IndexControllerTest]
21:16:45.744 [Test worker] DEBUG org.springframework.test.annotation.ProfileValueUtils - Retrieved ProfileValueSource type [class org.springframework.test.annotation.SystemProfileValueSource] for class [com.han.springboot.web.IndexControllerTest]
21:16:45.744 [Test worker] DEBUG org.springframework.test.annotation.ProfileValueUtils - Retrieved @ProfileValueSourceConfiguration [null] for test class [com.han.springboot.web.IndexControllerTest]
21:16:45.745 [Test worker] DEBUG org.springframework.test.annotation.ProfileValueUtils - Retrieved ProfileValueSource type [class org.springframework.test.annotation.SystemProfileValueSource] for class [com.han.springboot.web.IndexControllerTest]
21:16:45.748 [Test worker] DEBUG org.springframework.test.context.support.AbstractDirtiesContextTestExecutionListener - Before test class: context [DefaultTestContext@72b46d0 testClass = IndexControllerTest, testInstance = [null], testMethod = [null], testException = [null], mergedContextConfiguration = [WebMergedContextConfiguration@1ff00134 testClass = IndexControllerTest, locations = '{}', classes = '{class com.han.springboot.Application}', contextInitializerClasses = '[]', activeProfiles = '{}', propertySourceLocations = '{}', propertySourceProperties = '{org.springframework.boot.test.context.SpringBootTestContextBootstrapper=true, server.port=0}', contextCustomizers = set[org.springframework.boot.test.autoconfigure.properties.PropertyMappingContextCustomizer@0, org.springframework.boot.test.autoconfigure.web.servlet.WebDriverContextCustomizerFactory$Customizer@10d27a2d, org.springframework.boot.test.context.filter.ExcludeFilterContextCustomizer@6c65b36e, org.springframework.boot.test.json.DuplicateJsonObjectContextCustomizerFactory$DuplicateJsonObjectContextCustomizer@260123fe, org.springframework.boot.test.mock.mockito.MockitoContextCustomizer@0, org.springframework.boot.test.web.client.TestRestTemplateContextCustomizer@7c62fb46], resourceBasePath = 'src/main/webapp', contextLoader = 'org.springframework.boot.test.context.SpringBootContextLoader', parent = [null]], attributes = map['org.springframework.test.context.web.ServletTestExecutionListener.activateListener' -> false]], class annotated with @DirtiesContext [false] with mode [null].
21:16:45.748 [Test worker] DEBUG org.springframework.test.annotation.ProfileValueUtils - Retrieved @ProfileValueSourceConfiguration [null] for test class [com.han.springboot.web.IndexControllerTest]
21:16:45.748 [Test worker] DEBUG org.springframework.test.annotation.ProfileValueUtils - Retrieved ProfileValueSource type [class org.springframework.test.annotation.SystemProfileValueSource] for class [com.han.springboot.web.IndexControllerTest]
21:16:45.751 [Test worker] DEBUG org.springframework.test.context.support.DependencyInjectionTestExecutionListener - Performing dependency injection for test context [[DefaultTestContext@72b46d0 testClass = IndexControllerTest, testInstance = com.han.springboot.web.IndexControllerTest@73ad799b, testMethod = [null], testException = [null], mergedContextConfiguration = [WebMergedContextConfiguration@1ff00134 testClass = IndexControllerTest, locations = '{}', classes = '{class com.han.springboot.Application}', contextInitializerClasses = '[]', activeProfiles = '{}', propertySourceLocations = '{}', propertySourceProperties = '{org.springframework.boot.test.context.SpringBootTestContextBootstrapper=true, server.port=0}', contextCustomizers = set[org.springframework.boot.test.autoconfigure.properties.PropertyMappingContextCustomizer@0, org.springframework.boot.test.autoconfigure.web.servlet.WebDriverContextCustomizerFactory$Customizer@10d27a2d, org.springframework.boot.test.context.filter.ExcludeFilterContextCustomizer@6c65b36e, org.springframework.boot.test.json.DuplicateJsonObjectContextCustomizerFactory$DuplicateJsonObjectContextCustomizer@260123fe, org.springframework.boot.test.mock.mockito.MockitoContextCustomizer@0, org.springframework.boot.test.web.client.TestRestTemplateContextCustomizer@7c62fb46], resourceBasePath = 'src/main/webapp', contextLoader = 'org.springframework.boot.test.context.SpringBootContextLoader', parent = [null]], attributes = map['org.springframework.test.context.web.ServletTestExecutionListener.activateListener' -> false]]].
21:16:45.766 [Test worker] DEBUG org.springframework.test.context.support.TestPropertySourceUtils - Adding inlined properties to environment: {spring.jmx.enabled=false, org.springframework.boot.test.context.SpringBootTestContextBootstrapper=true, server.port=0}

  .   ____          _            __ _ _
 /\\ / ___'_ __ _ _(_)_ __  __ _ \ \ \ \
( ( )\___ | '_ | '_| | '_ \/ _` | \ \ \ \
 \\/  ___)| |_)| | | | | || (_| |  ) ) ) )
  '  |____| .__|_| |_|_| |_\__, | / / / /
 =========|_|==============|___/=/_/_/_/
 :: Spring Boot ::        (v2.1.9.RELEASE)

2021-01-12 21:16:45.975  INFO 32772 --- [    Test worker] c.h.springboot.web.IndexControllerTest   : Starting IndexControllerTest on DESKTOP-OJJGT52 with PID 32772 (started by han in D:\learn\aws_spring\new)
2021-01-12 21:16:45.976  INFO 32772 --- [    Test worker] c.h.springboot.web.IndexControllerTest   : No active profile set, falling back to default profiles: default
2021-01-12 21:16:46.564  INFO 32772 --- [    Test worker] .s.d.r.c.RepositoryConfigurationDelegate : Bootstrapping Spring Data repositories in DEFAULT mode.
2021-01-12 21:16:46.666  INFO 32772 --- [    Test worker] .s.d.r.c.RepositoryConfigurationDelegate : Finished Spring Data repository scanning in 92ms. Found 1 repository interfaces.
2021-01-12 21:16:47.078  INFO 32772 --- [    Test worker] trationDelegate$BeanPostProcessorChecker : Bean 'org.springframework.transaction.annotation.ProxyTransactionManagementConfiguration' of type [org.springframework.transaction.annotation.ProxyTransactionManagementConfiguration$$EnhancerBySpringCGLIB$$fb6966f4] is not eligible for getting processed by all BeanPostProcessors (for example: not eligible for auto-proxying)
2021-01-12 21:16:47.528  INFO 32772 --- [    Test worker] o.s.b.w.embedded.tomcat.TomcatWebServer  : Tomcat initialized with port(s): 0 (http)
2021-01-12 21:16:47.550  INFO 32772 --- [    Test worker] o.apache.catalina.core.StandardService   : Starting service [Tomcat]
2021-01-12 21:16:47.550  INFO 32772 --- [    Test worker] org.apache.catalina.core.StandardEngine  : Starting Servlet engine: [Apache Tomcat/9.0.26]
2021-01-12 21:16:47.688  INFO 32772 --- [    Test worker] o.a.c.c.C.[Tomcat].[localhost].[/]       : Initializing Spring embedded WebApplicationContext
2021-01-12 21:16:47.688  INFO 32772 --- [    Test worker] o.s.web.context.ContextLoader            : Root WebApplicationContext: initialization completed in 1697 ms
2021-01-12 21:16:47.918  INFO 32772 --- [    Test worker] com.zaxxer.hikari.HikariDataSource       : HikariPool-1 - Starting...
2021-01-12 21:16:48.060  INFO 32772 --- [    Test worker] com.zaxxer.hikari.HikariDataSource       : HikariPool-1 - Start completed.
2021-01-12 21:16:48.140  INFO 32772 --- [    Test worker] o.hibernate.jpa.internal.util.LogHelper  : HHH000204: Processing PersistenceUnitInfo [
	name: default
	...]
2021-01-12 21:16:48.208  INFO 32772 --- [    Test worker] org.hibernate.Version                    : HHH000412: Hibernate Core {5.3.12.Final}
2021-01-12 21:16:48.210  INFO 32772 --- [    Test worker] org.hibernate.cfg.Environment            : HHH000206: hibernate.properties not found
2021-01-12 21:16:48.350  INFO 32772 --- [    Test worker] o.hibernate.annotations.common.Version   : HCANN000001: Hibernate Commons Annotations {5.0.4.Final}
2021-01-12 21:16:48.496  INFO 32772 --- [    Test worker] org.hibernate.dialect.Dialect            : HHH000400: Using dialect: org.hibernate.dialect.MariaDB102Dialect
Hibernate: drop table if exists posts
Hibernate: create table posts (id bigint not null auto_increment, created_date datetime(6), modified_date datetime(6), author varchar(255), content TEXT not null, title varchar(500) not null, primary key (id)) engine=InnoDB
2021-01-12 21:16:49.048  INFO 32772 --- [    Test worker] o.h.t.schema.internal.SchemaCreatorImpl  : HHH000476: Executing import script 'org.hibernate.tool.schema.internal.exec.ScriptSourceInputNonExistentImpl@4bef0d03'
2021-01-12 21:16:49.051  INFO 32772 --- [    Test worker] j.LocalContainerEntityManagerFactoryBean : Initialized JPA EntityManagerFactory for persistence unit 'default'
2021-01-12 21:16:49.849  INFO 32772 --- [    Test worker] o.s.s.concurrent.ThreadPoolTaskExecutor  : Initializing ExecutorService 'applicationTaskExecutor'
2021-01-12 21:16:49.904  WARN 32772 --- [    Test worker] aWebConfiguration$JpaWebMvcConfiguration : spring.jpa.open-in-view is enabled by default. Therefore, database queries may be performed during view rendering. Explicitly configure spring.jpa.open-in-view to disable this warning
2021-01-12 21:16:49.957  INFO 32772 --- [    Test worker] o.s.b.a.w.s.WelcomePageHandlerMapping    : Adding welcome page template: index
2021-01-12 21:16:50.248  INFO 32772 --- [    Test worker] o.s.b.w.embedded.tomcat.TomcatWebServer  : Tomcat started on port(s): 4765 (http) with context path ''
2021-01-12 21:16:50.249  INFO 32772 --- [    Test worker] c.h.springboot.web.IndexControllerTest   : Started IndexControllerTest in 4.481 seconds (JVM running for 5.847)
2021-01-12 21:16:50.376  INFO 32772 --- [o-auto-1-exec-1] o.a.c.c.C.[Tomcat].[localhost].[/]       : Initializing Spring DispatcherServlet 'dispatcherServlet'
2021-01-12 21:16:50.376  INFO 32772 --- [o-auto-1-exec-1] o.s.web.servlet.DispatcherServlet        : Initializing Servlet 'dispatcherServlet'
2021-01-12 21:16:50.401  INFO 32772 --- [o-auto-1-exec-1] o.s.web.servlet.DispatcherServlet        : Completed initialization in 25 ms
]]></system-out>
  <system-err><![CDATA[]]></system-err>
</testsuite>
