<?xml version="1.0" encoding="UTF-8"?>
<testsuite name="com.han.springboot.domain.posts.PostsRepositoryTest" tests="2" skipped="0" failures="0" errors="0" timestamp="2021-02-17T15:14:20" hostname="DESKTOP-CMGDKC8" time="0.261">
  <properties/>
  <testcase name="insertBaseTimeEntity" classname="com.han.springboot.domain.posts.PostsRepositoryTest" time="0.238"/>
  <testcase name="saveAndGetPosts" classname="com.han.springboot.domain.posts.PostsRepositoryTest" time="0.022"/>
  <system-out><![CDATA[00:14:14.691 [Test worker] DEBUG org.springframework.test.context.junit4.SpringJUnit4ClassRunner - SpringJUnit4ClassRunner constructor called with [class com.han.springboot.domain.posts.PostsRepositoryTest]
00:14:14.700 [Test worker] DEBUG org.springframework.test.context.BootstrapUtils - Instantiating CacheAwareContextLoaderDelegate from class [org.springframework.test.context.cache.DefaultCacheAwareContextLoaderDelegate]
00:14:14.711 [Test worker] DEBUG org.springframework.test.context.BootstrapUtils - Instantiating BootstrapContext using constructor [public org.springframework.test.context.support.DefaultBootstrapContext(java.lang.Class,org.springframework.test.context.CacheAwareContextLoaderDelegate)]
00:14:14.733 [Test worker] DEBUG org.springframework.test.context.BootstrapUtils - Instantiating TestContextBootstrapper for test class [com.han.springboot.domain.posts.PostsRepositoryTest] from class [org.springframework.boot.test.context.SpringBootTestContextBootstrapper]
00:14:14.747 [Test worker] INFO org.springframework.boot.test.context.SpringBootTestContextBootstrapper - Neither @ContextConfiguration nor @ContextHierarchy found for test class [com.han.springboot.domain.posts.PostsRepositoryTest], using SpringBootContextLoader
00:14:14.750 [Test worker] DEBUG org.springframework.test.context.support.AbstractContextLoader - Did not detect default resource location for test class [com.han.springboot.domain.posts.PostsRepositoryTest]: class path resource [com/han/springboot/domain/posts/PostsRepositoryTest-context.xml] does not exist
00:14:14.751 [Test worker] DEBUG org.springframework.test.context.support.AbstractContextLoader - Did not detect default resource location for test class [com.han.springboot.domain.posts.PostsRepositoryTest]: class path resource [com/han/springboot/domain/posts/PostsRepositoryTestContext.groovy] does not exist
00:14:14.751 [Test worker] INFO org.springframework.test.context.support.AbstractContextLoader - Could not detect default resource locations for test class [com.han.springboot.domain.posts.PostsRepositoryTest]: no resource found for suffixes {-context.xml, Context.groovy}.
00:14:14.752 [Test worker] INFO org.springframework.test.context.support.AnnotationConfigContextLoaderUtils - Could not detect default configuration classes for test class [com.han.springboot.domain.posts.PostsRepositoryTest]: PostsRepositoryTest does not declare any static, non-private, non-final, nested classes annotated with @Configuration.
00:14:14.793 [Test worker] DEBUG org.springframework.test.context.support.ActiveProfilesUtils - Could not find an 'annotation declaring class' for annotation type [org.springframework.test.context.ActiveProfiles] and class [com.han.springboot.domain.posts.PostsRepositoryTest]
00:14:14.886 [Test worker] DEBUG org.springframework.context.annotation.ClassPathScanningCandidateComponentProvider - Identified candidate component class: file [D:\learn\aws_spring\part2\build\classes\java\main\com\han\springboot\Application.class]
00:14:14.887 [Test worker] INFO org.springframework.boot.test.context.SpringBootTestContextBootstrapper - Found @SpringBootConfiguration com.han.springboot.Application for test class com.han.springboot.domain.posts.PostsRepositoryTest
00:14:15.070 [Test worker] DEBUG org.springframework.boot.test.context.SpringBootTestContextBootstrapper - @TestExecutionListeners is not present for class [com.han.springboot.domain.posts.PostsRepositoryTest]: using defaults.
00:14:15.071 [Test worker] INFO org.springframework.boot.test.context.SpringBootTestContextBootstrapper - Loaded default TestExecutionListener class names from location [META-INF/spring.factories]: [org.springframework.security.test.context.support.WithSecurityContextTestExecutionListener, org.springframework.security.test.context.support.ReactorContextTestExecutionListener, org.springframework.boot.test.autoconfigure.restdocs.RestDocsTestExecutionListener, org.springframework.boot.test.autoconfigure.web.client.MockRestServiceServerResetTestExecutionListener, org.springframework.boot.test.autoconfigure.web.servlet.MockMvcPrintOnlyOnFailureTestExecutionListener, org.springframework.boot.test.autoconfigure.web.servlet.WebDriverTestExecutionListener, org.springframework.boot.test.mock.mockito.MockitoTestExecutionListener, org.springframework.boot.test.mock.mockito.ResetMocksTestExecutionListener, org.springframework.test.context.web.ServletTestExecutionListener, org.springframework.test.context.support.DirtiesContextBeforeModesTestExecutionListener, org.springframework.test.context.support.DependencyInjectionTestExecutionListener, org.springframework.test.context.support.DirtiesContextTestExecutionListener, org.springframework.test.context.transaction.TransactionalTestExecutionListener, org.springframework.test.context.jdbc.SqlScriptsTestExecutionListener]
00:14:15.107 [Test worker] INFO org.springframework.boot.test.context.SpringBootTestContextBootstrapper - Using TestExecutionListeners: [org.springframework.test.context.web.ServletTestExecutionListener@560e11f2, org.springframework.test.context.support.DirtiesContextBeforeModesTestExecutionListener@4c108920, org.springframework.boot.test.mock.mockito.MockitoTestExecutionListener@5444688c, org.springframework.boot.test.autoconfigure.SpringBootDependencyInjectionTestExecutionListener@cb75e97, org.springframework.test.context.support.DirtiesContextTestExecutionListener@2a904f72, org.springframework.test.context.transaction.TransactionalTestExecutionListener@62019a89, org.springframework.test.context.jdbc.SqlScriptsTestExecutionListener@15768e4d, org.springframework.security.test.context.support.WithSecurityContextTestExecutionListener@23033992, org.springframework.security.test.context.support.ReactorContextTestExecutionListener@b40195f, org.springframework.boot.test.autoconfigure.restdocs.RestDocsTestExecutionListener@657b1f6c, org.springframework.boot.test.autoconfigure.web.client.MockRestServiceServerResetTestExecutionListener@445ee168, org.springframework.boot.test.autoconfigure.web.servlet.MockMvcPrintOnlyOnFailureTestExecutionListener@7e2b9fd8, org.springframework.boot.test.autoconfigure.web.servlet.WebDriverTestExecutionListener@75aafba3, org.springframework.boot.test.mock.mockito.ResetMocksTestExecutionListener@48170a05]
00:14:15.110 [Test worker] DEBUG org.springframework.test.annotation.ProfileValueUtils - Retrieved @ProfileValueSourceConfiguration [null] for test class [com.han.springboot.domain.posts.PostsRepositoryTest]
00:14:15.111 [Test worker] DEBUG org.springframework.test.annotation.ProfileValueUtils - Retrieved ProfileValueSource type [class org.springframework.test.annotation.SystemProfileValueSource] for class [com.han.springboot.domain.posts.PostsRepositoryTest]
00:14:15.112 [Test worker] DEBUG org.springframework.test.annotation.ProfileValueUtils - Retrieved @ProfileValueSourceConfiguration [null] for test class [com.han.springboot.domain.posts.PostsRepositoryTest]
00:14:15.112 [Test worker] DEBUG org.springframework.test.annotation.ProfileValueUtils - Retrieved ProfileValueSource type [class org.springframework.test.annotation.SystemProfileValueSource] for class [com.han.springboot.domain.posts.PostsRepositoryTest]
00:14:15.118 [Test worker] DEBUG org.springframework.test.context.support.AbstractDirtiesContextTestExecutionListener - Before test class: context [DefaultTestContext@4ba62d51 testClass = PostsRepositoryTest, testInstance = [null], testMethod = [null], testException = [null], mergedContextConfiguration = [WebMergedContextConfiguration@76bcc63e testClass = PostsRepositoryTest, locations = '{}', classes = '{class com.han.springboot.Application}', contextInitializerClasses = '[]', activeProfiles = '{}', propertySourceLocations = '{}', propertySourceProperties = '{org.springframework.boot.test.context.SpringBootTestContextBootstrapper=true}', contextCustomizers = set[org.springframework.boot.test.autoconfigure.properties.PropertyMappingContextCustomizer@0, org.springframework.boot.test.autoconfigure.web.servlet.WebDriverContextCustomizerFactory$Customizer@2ace2e20, org.springframework.boot.test.context.filter.ExcludeFilterContextCustomizer@23398265, org.springframework.boot.test.json.DuplicateJsonObjectContextCustomizerFactory$DuplicateJsonObjectContextCustomizer@3d1a0224, org.springframework.boot.test.mock.mockito.MockitoContextCustomizer@0, org.springframework.boot.test.web.client.TestRestTemplateContextCustomizer@2ffb44aa], resourceBasePath = 'src/main/webapp', contextLoader = 'org.springframework.boot.test.context.SpringBootContextLoader', parent = [null]], attributes = map['org.springframework.test.context.web.ServletTestExecutionListener.activateListener' -> true]], class annotated with @DirtiesContext [false] with mode [null].
00:14:15.119 [Test worker] DEBUG org.springframework.test.annotation.ProfileValueUtils - Retrieved @ProfileValueSourceConfiguration [null] for test class [com.han.springboot.domain.posts.PostsRepositoryTest]
00:14:15.119 [Test worker] DEBUG org.springframework.test.annotation.ProfileValueUtils - Retrieved ProfileValueSource type [class org.springframework.test.annotation.SystemProfileValueSource] for class [com.han.springboot.domain.posts.PostsRepositoryTest]
00:14:15.142 [Test worker] DEBUG org.springframework.test.context.support.TestPropertySourceUtils - Adding inlined properties to environment: {spring.jmx.enabled=false, org.springframework.boot.test.context.SpringBootTestContextBootstrapper=true, server.port=-1}

  .   ____          _            __ _ _
 /\\ / ___'_ __ _ _(_)_ __  __ _ \ \ \ \
( ( )\___ | '_ | '_| | '_ \/ _` | \ \ \ \
 \\/  ___)| |_)| | | | | || (_| |  ) ) ) )
  '  |____| .__|_| |_|_| |_\__, | / / / /
 =========|_|==============|___/=/_/_/_/
 :: Spring Boot ::        (v2.1.9.RELEASE)

2021-02-18 00:14:15.403  INFO 10864 --- [    Test worker] c.h.s.domain.posts.PostsRepositoryTest   : Starting PostsRepositoryTest on DESKTOP-CMGDKC8 with PID 10864 (started by han in D:\learn\aws_spring\part2)
2021-02-18 00:14:15.404  INFO 10864 --- [    Test worker] c.h.s.domain.posts.PostsRepositoryTest   : The following profiles are active: oauth
2021-02-18 00:14:16.251  INFO 10864 --- [    Test worker] .s.d.r.c.RepositoryConfigurationDelegate : Bootstrapping Spring Data repositories in DEFAULT mode.
2021-02-18 00:14:16.325  INFO 10864 --- [    Test worker] .s.d.r.c.RepositoryConfigurationDelegate : Finished Spring Data repository scanning in 66ms. Found 2 repository interfaces.
2021-02-18 00:14:16.898  INFO 10864 --- [    Test worker] trationDelegate$BeanPostProcessorChecker : Bean 'org.springframework.transaction.annotation.ProxyTransactionManagementConfiguration' of type [org.springframework.transaction.annotation.ProxyTransactionManagementConfiguration$$EnhancerBySpringCGLIB$$164dfed0] is not eligible for getting processed by all BeanPostProcessors (for example: not eligible for auto-proxying)
2021-02-18 00:14:17.172  INFO 10864 --- [    Test worker] com.zaxxer.hikari.HikariDataSource       : HikariPool-1 - Starting...
2021-02-18 00:14:17.314  INFO 10864 --- [    Test worker] com.zaxxer.hikari.HikariDataSource       : HikariPool-1 - Start completed.
2021-02-18 00:14:17.393  INFO 10864 --- [    Test worker] o.hibernate.jpa.internal.util.LogHelper  : HHH000204: Processing PersistenceUnitInfo [
	name: default
	...]
2021-02-18 00:14:17.471  INFO 10864 --- [    Test worker] org.hibernate.Version                    : HHH000412: Hibernate Core {5.3.12.Final}
2021-02-18 00:14:17.473  INFO 10864 --- [    Test worker] org.hibernate.cfg.Environment            : HHH000206: hibernate.properties not found
2021-02-18 00:14:17.640  INFO 10864 --- [    Test worker] o.hibernate.annotations.common.Version   : HCANN000001: Hibernate Commons Annotations {5.0.4.Final}
2021-02-18 00:14:17.819  INFO 10864 --- [    Test worker] org.hibernate.dialect.Dialect            : HHH000400: Using dialect: org.hibernate.dialect.MariaDB102Dialect
Hibernate: drop table if exists posts
Hibernate: drop table if exists user
Hibernate: create table posts (id bigint not null auto_increment, created_date datetime(6), modified_date datetime(6), author varchar(255), content TEXT not null, title varchar(500) not null, primary key (id)) engine=InnoDB
Hibernate: create table user (id bigint not null auto_increment, created_date datetime(6), modified_date datetime(6), email varchar(255) not null, name varchar(255) not null, picture varchar(255), role varchar(255) not null, primary key (id)) engine=InnoDB
2021-02-18 00:14:18.458  INFO 10864 --- [    Test worker] o.h.t.schema.internal.SchemaCreatorImpl  : HHH000476: Executing import script 'org.hibernate.tool.schema.internal.exec.ScriptSourceInputNonExistentImpl@2656600'
2021-02-18 00:14:18.461  INFO 10864 --- [    Test worker] j.LocalContainerEntityManagerFactoryBean : Initialized JPA EntityManagerFactory for persistence unit 'default'
2021-02-18 00:14:19.079  INFO 10864 --- [    Test worker] o.h.h.i.QueryTranslatorFactoryInitiator  : HHH000397: Using ASTQueryTranslatorFactory
2021-02-18 00:14:19.670  INFO 10864 --- [    Test worker] o.s.s.web.DefaultSecurityFilterChain     : Creating filter chain: any request, [org.springframework.security.web.context.request.async.WebAsyncManagerIntegrationFilter@5a9231af, org.springframework.security.web.context.SecurityContextPersistenceFilter@621897c8, org.springframework.security.web.header.HeaderWriterFilter@74355a49, org.springframework.security.web.authentication.logout.LogoutFilter@c63bf57, org.springframework.security.oauth2.client.web.OAuth2AuthorizationRequestRedirectFilter@1ecf427f, org.springframework.security.oauth2.client.web.OAuth2LoginAuthenticationFilter@3657396, org.springframework.security.web.authentication.ui.DefaultLoginPageGeneratingFilter@6600ab80, org.springframework.security.web.authentication.ui.DefaultLogoutPageGeneratingFilter@4afa30d7, org.springframework.security.web.savedrequest.RequestCacheAwareFilter@3c6facf, org.springframework.security.web.servletapi.SecurityContextHolderAwareRequestFilter@4f0e610d, org.springframework.security.web.authentication.AnonymousAuthenticationFilter@2ac6a23, org.springframework.security.web.session.SessionManagementFilter@6f4b3a8a, org.springframework.security.web.access.ExceptionTranslationFilter@428dccd7, org.springframework.security.web.access.intercept.FilterSecurityInterceptor@66caae53]
2021-02-18 00:14:20.154  INFO 10864 --- [    Test worker] o.s.s.concurrent.ThreadPoolTaskExecutor  : Initializing ExecutorService 'applicationTaskExecutor'
2021-02-18 00:14:20.197  WARN 10864 --- [    Test worker] aWebConfiguration$JpaWebMvcConfiguration : spring.jpa.open-in-view is enabled by default. Therefore, database queries may be performed during view rendering. Explicitly configure spring.jpa.open-in-view to disable this warning
2021-02-18 00:14:20.237  INFO 10864 --- [    Test worker] o.s.b.a.w.s.WelcomePageHandlerMapping    : Adding welcome page template: index
2021-02-18 00:14:20.786  INFO 10864 --- [    Test worker] s.a.ScheduledAnnotationBeanPostProcessor : No TaskScheduler/ScheduledExecutorService bean found for scheduled processing
2021-02-18 00:14:20.797  INFO 10864 --- [    Test worker] c.h.s.domain.posts.PostsRepositoryTest   : Started PostsRepositoryTest in 5.645 seconds (JVM running for 6.836)
Hibernate: insert into posts (created_date, modified_date, author, content, title) values (?, ?, ?, ?, ?)
Hibernate: select posts0_.id as id1_0_, posts0_.created_date as created_2_0_, posts0_.modified_date as modified3_0_, posts0_.author as author4_0_, posts0_.content as content5_0_, posts0_.title as title6_0_ from posts posts0_
2021-02-18T00:14:20.918
2021-02-18T00:14:20.918
Hibernate: select posts0_.id as id1_0_, posts0_.created_date as created_2_0_, posts0_.modified_date as modified3_0_, posts0_.author as author4_0_, posts0_.content as content5_0_, posts0_.title as title6_0_ from posts posts0_
Hibernate: delete from posts where id=?
Hibernate: insert into posts (created_date, modified_date, author, content, title) values (?, ?, ?, ?, ?)
Hibernate: select posts0_.id as id1_0_, posts0_.created_date as created_2_0_, posts0_.modified_date as modified3_0_, posts0_.author as author4_0_, posts0_.content as content5_0_, posts0_.title as title6_0_ from posts posts0_
Hibernate: select posts0_.id as id1_0_, posts0_.created_date as created_2_0_, posts0_.modified_date as modified3_0_, posts0_.author as author4_0_, posts0_.content as content5_0_, posts0_.title as title6_0_ from posts posts0_
Hibernate: delete from posts where id=?
]]></system-out>
  <system-err><![CDATA[]]></system-err>
</testsuite>
