<?xml version="1.0" encoding="UTF-8"?>
<testsuite name="com.han.springboot.domain.posts.PostsRepositoryTest" tests="2" skipped="0" failures="0" errors="0" timestamp="2021-02-14T15:43:23" hostname="DESKTOP-CMGDKC8" time="0.126">
  <properties/>
  <testcase name="insertBaseTimeEntity" classname="com.han.springboot.domain.posts.PostsRepositoryTest" time="0.109"/>
  <testcase name="saveAndGetPosts" classname="com.han.springboot.domain.posts.PostsRepositoryTest" time="0.016"/>
  <system-out><![CDATA[2021-02-15 00:43:21.744  INFO 5272 --- [    Test worker] .b.t.c.SpringBootTestContextBootstrapper : Neither @ContextConfiguration nor @ContextHierarchy found for test class [com.han.springboot.domain.posts.PostsRepositoryTest], using SpringBootContextLoader
2021-02-15 00:43:21.745  INFO 5272 --- [    Test worker] o.s.t.c.support.AbstractContextLoader    : Could not detect default resource locations for test class [com.han.springboot.domain.posts.PostsRepositoryTest]: no resource found for suffixes {-context.xml, Context.groovy}.
2021-02-15 00:43:21.745  INFO 5272 --- [    Test worker] t.c.s.AnnotationConfigContextLoaderUtils : Could not detect default configuration classes for test class [com.han.springboot.domain.posts.PostsRepositoryTest]: PostsRepositoryTest does not declare any static, non-private, non-final, nested classes annotated with @Configuration.
2021-02-15 00:43:21.755  INFO 5272 --- [    Test worker] .b.t.c.SpringBootTestContextBootstrapper : Found @SpringBootConfiguration com.han.springboot.Application for test class com.han.springboot.domain.posts.PostsRepositoryTest
2021-02-15 00:43:21.757  INFO 5272 --- [    Test worker] .b.t.c.SpringBootTestContextBootstrapper : Loaded default TestExecutionListener class names from location [META-INF/spring.factories]: [org.springframework.security.test.context.support.WithSecurityContextTestExecutionListener, org.springframework.security.test.context.support.ReactorContextTestExecutionListener, org.springframework.boot.test.autoconfigure.restdocs.RestDocsTestExecutionListener, org.springframework.boot.test.autoconfigure.web.client.MockRestServiceServerResetTestExecutionListener, org.springframework.boot.test.autoconfigure.web.servlet.MockMvcPrintOnlyOnFailureTestExecutionListener, org.springframework.boot.test.autoconfigure.web.servlet.WebDriverTestExecutionListener, org.springframework.boot.test.mock.mockito.MockitoTestExecutionListener, org.springframework.boot.test.mock.mockito.ResetMocksTestExecutionListener, org.springframework.test.context.web.ServletTestExecutionListener, org.springframework.test.context.support.DirtiesContextBeforeModesTestExecutionListener, org.springframework.test.context.support.DependencyInjectionTestExecutionListener, org.springframework.test.context.support.DirtiesContextTestExecutionListener, org.springframework.test.context.transaction.TransactionalTestExecutionListener, org.springframework.test.context.jdbc.SqlScriptsTestExecutionListener]
2021-02-15 00:43:21.758  INFO 5272 --- [    Test worker] .b.t.c.SpringBootTestContextBootstrapper : Using TestExecutionListeners: [org.springframework.test.context.web.ServletTestExecutionListener@2c3c1a90, org.springframework.test.context.support.DirtiesContextBeforeModesTestExecutionListener@4bd84e70, org.springframework.boot.test.mock.mockito.MockitoTestExecutionListener@53a18118, org.springframework.boot.test.autoconfigure.SpringBootDependencyInjectionTestExecutionListener@3dd70d78, org.springframework.test.context.support.DirtiesContextTestExecutionListener@71f368c8, org.springframework.test.context.transaction.TransactionalTestExecutionListener@78510348, org.springframework.test.context.jdbc.SqlScriptsTestExecutionListener@27a7e41b, org.springframework.security.test.context.support.WithSecurityContextTestExecutionListener@221e915a, org.springframework.security.test.context.support.ReactorContextTestExecutionListener@484108f9, org.springframework.boot.test.autoconfigure.restdocs.RestDocsTestExecutionListener@38fa19fa, org.springframework.boot.test.autoconfigure.web.client.MockRestServiceServerResetTestExecutionListener@2065a5c2, org.springframework.boot.test.autoconfigure.web.servlet.MockMvcPrintOnlyOnFailureTestExecutionListener@762774d5, org.springframework.boot.test.autoconfigure.web.servlet.WebDriverTestExecutionListener@36e1ac28, org.springframework.boot.test.mock.mockito.ResetMocksTestExecutionListener@5e3c56c7]

  .   ____          _            __ _ _
 /\\ / ___'_ __ _ _(_)_ __  __ _ \ \ \ \
( ( )\___ | '_ | '_| | '_ \/ _` | \ \ \ \
 \\/  ___)| |_)| | | | | || (_| |  ) ) ) )
  '  |____| .__|_| |_|_| |_\__, | / / / /
 =========|_|==============|___/=/_/_/_/
 :: Spring Boot ::        (v2.1.9.RELEASE)

2021-02-15 00:43:21.791  INFO 5272 --- [    Test worker] c.h.s.domain.posts.PostsRepositoryTest   : Starting PostsRepositoryTest on DESKTOP-CMGDKC8 with PID 5272 (started by han in D:\learn\aws_spring\part2)
2021-02-15 00:43:21.792  INFO 5272 --- [    Test worker] c.h.s.domain.posts.PostsRepositoryTest   : The following profiles are active: oauth
2021-02-15 00:43:22.018  INFO 5272 --- [    Test worker] .s.d.r.c.RepositoryConfigurationDelegate : Bootstrapping Spring Data repositories in DEFAULT mode.
2021-02-15 00:43:22.035  INFO 5272 --- [    Test worker] .s.d.r.c.RepositoryConfigurationDelegate : Finished Spring Data repository scanning in 17ms. Found 2 repository interfaces.
2021-02-15 00:43:22.150  INFO 5272 --- [    Test worker] trationDelegate$BeanPostProcessorChecker : Bean 'org.springframework.transaction.annotation.ProxyTransactionManagementConfiguration' of type [org.springframework.transaction.annotation.ProxyTransactionManagementConfiguration$$EnhancerBySpringCGLIB$$59d08366] is not eligible for getting processed by all BeanPostProcessors (for example: not eligible for auto-proxying)
2021-02-15 00:43:22.249  INFO 5272 --- [    Test worker] com.zaxxer.hikari.HikariDataSource       : HikariPool-2 - Starting...
2021-02-15 00:43:22.250  INFO 5272 --- [    Test worker] com.zaxxer.hikari.HikariDataSource       : HikariPool-2 - Start completed.
2021-02-15 00:43:22.274  INFO 5272 --- [    Test worker] o.hibernate.jpa.internal.util.LogHelper  : HHH000204: Processing PersistenceUnitInfo [
	name: default
	...]
2021-02-15 00:43:22.284  INFO 5272 --- [    Test worker] org.hibernate.dialect.Dialect            : HHH000400: Using dialect: org.hibernate.dialect.MariaDB102Dialect
Hibernate: drop table if exists posts
Hibernate: drop table if exists user
Hibernate: create table posts (id bigint not null auto_increment, created_date datetime(6), modified_date datetime(6), author varchar(255), content TEXT not null, title varchar(500) not null, primary key (id)) engine=InnoDB
Hibernate: create table user (id bigint not null auto_increment, created_date datetime(6), modified_date datetime(6), email varchar(255) not null, name varchar(255) not null, picture varchar(255), role varchar(255) not null, primary key (id)) engine=InnoDB
2021-02-15 00:43:22.337  INFO 5272 --- [    Test worker] o.h.t.schema.internal.SchemaCreatorImpl  : HHH000476: Executing import script 'org.hibernate.tool.schema.internal.exec.ScriptSourceInputNonExistentImpl@53101dec'
2021-02-15 00:43:22.337  INFO 5272 --- [    Test worker] j.LocalContainerEntityManagerFactoryBean : Initialized JPA EntityManagerFactory for persistence unit 'default'
2021-02-15 00:43:22.503  INFO 5272 --- [    Test worker] o.h.h.i.QueryTranslatorFactoryInitiator  : HHH000397: Using ASTQueryTranslatorFactory
2021-02-15 00:43:22.611  INFO 5272 --- [    Test worker] o.s.s.web.DefaultSecurityFilterChain     : Creating filter chain: any request, [org.springframework.security.web.context.request.async.WebAsyncManagerIntegrationFilter@3717f8ac, org.springframework.security.web.context.SecurityContextPersistenceFilter@1e06b11f, org.springframework.security.web.header.HeaderWriterFilter@7c91af53, org.springframework.security.web.authentication.logout.LogoutFilter@67c0e1e7, org.springframework.security.oauth2.client.web.OAuth2AuthorizationRequestRedirectFilter@1172defb, org.springframework.security.oauth2.client.web.OAuth2LoginAuthenticationFilter@507456c0, org.springframework.security.web.authentication.ui.DefaultLoginPageGeneratingFilter@4ce52f2d, org.springframework.security.web.authentication.ui.DefaultLogoutPageGeneratingFilter@6c6c2c68, org.springframework.security.web.savedrequest.RequestCacheAwareFilter@5b6fd14e, org.springframework.security.web.servletapi.SecurityContextHolderAwareRequestFilter@2a751647, org.springframework.security.web.authentication.AnonymousAuthenticationFilter@6b6ea218, org.springframework.security.web.session.SessionManagementFilter@6b21baee, org.springframework.security.web.access.ExceptionTranslationFilter@54522fce, org.springframework.security.web.access.intercept.FilterSecurityInterceptor@69b652d4]
2021-02-15 00:43:22.842  INFO 5272 --- [    Test worker] o.s.s.concurrent.ThreadPoolTaskExecutor  : Initializing ExecutorService 'applicationTaskExecutor'
2021-02-15 00:43:22.851  WARN 5272 --- [    Test worker] aWebConfiguration$JpaWebMvcConfiguration : spring.jpa.open-in-view is enabled by default. Therefore, database queries may be performed during view rendering. Explicitly configure spring.jpa.open-in-view to disable this warning
2021-02-15 00:43:22.872  INFO 5272 --- [    Test worker] o.s.b.a.w.s.WelcomePageHandlerMapping    : Adding welcome page template: index
2021-02-15 00:43:23.164  INFO 5272 --- [    Test worker] s.a.ScheduledAnnotationBeanPostProcessor : No TaskScheduler/ScheduledExecutorService bean found for scheduled processing
2021-02-15 00:43:23.165  INFO 5272 --- [    Test worker] c.h.s.domain.posts.PostsRepositoryTest   : Started PostsRepositoryTest in 1.404 seconds (JVM running for 9.237)
Hibernate: insert into posts (created_date, modified_date, author, content, title) values (?, ?, ?, ?, ?)
Hibernate: select posts0_.id as id1_0_, posts0_.created_date as created_2_0_, posts0_.modified_date as modified3_0_, posts0_.author as author4_0_, posts0_.content as content5_0_, posts0_.title as title6_0_ from posts posts0_
2021-02-15T00:43:23.214
2021-02-15T00:43:23.214
Hibernate: select posts0_.id as id1_0_, posts0_.created_date as created_2_0_, posts0_.modified_date as modified3_0_, posts0_.author as author4_0_, posts0_.content as content5_0_, posts0_.title as title6_0_ from posts posts0_
Hibernate: delete from posts where id=?
Hibernate: insert into posts (created_date, modified_date, author, content, title) values (?, ?, ?, ?, ?)
Hibernate: select posts0_.id as id1_0_, posts0_.created_date as created_2_0_, posts0_.modified_date as modified3_0_, posts0_.author as author4_0_, posts0_.content as content5_0_, posts0_.title as title6_0_ from posts posts0_
Hibernate: select posts0_.id as id1_0_, posts0_.created_date as created_2_0_, posts0_.modified_date as modified3_0_, posts0_.author as author4_0_, posts0_.content as content5_0_, posts0_.title as title6_0_ from posts posts0_
Hibernate: delete from posts where id=?
]]></system-out>
  <system-err><![CDATA[]]></system-err>
</testsuite>
